INFO - 2023-03-20 16:04:20 --> Session: Class initialized using 'CodeIgniter\Session\Handlers\FileHandler' driver.
CRITICAL - 2023-03-20 16:04:22 --> Invalid file: "welcome_message.php"
in SYSTEMPATH\Exceptions\FrameworkException.php on line 33.
 1 SYSTEMPATH\View\View.php(201): CodeIgniter\Exceptions\FrameworkException::forInvalidFile()
 2 SYSTEMPATH\Common.php(1184): CodeIgniter\View\View->render()
 3 APPPATH\Controllers\Home.php(11): view()
 4 SYSTEMPATH\CodeIgniter.php(934): App\Controllers\Home->index()
 5 SYSTEMPATH\CodeIgniter.php(499): CodeIgniter\CodeIgniter->runController()
 6 SYSTEMPATH\CodeIgniter.php(368): CodeIgniter\CodeIgniter->handleRequest()
 7 FCPATH\index.php(67): CodeIgniter\CodeIgniter->run()
INFO - 2023-03-20 16:04:53 --> Session: Class initialized using 'CodeIgniter\Session\Handlers\FileHandler' driver.
INFO - 2023-03-20 16:28:25 --> Session: Class initialized using 'CodeIgniter\Session\Handlers\FileHandler' driver.
CRITICAL - 2023-03-20 16:28:25 --> syntax error, unexpected '$this' (T_VARIABLE)
in APPPATH\Controllers\Backend\Auth\Auth.php on line 23.
 1 SYSTEMPATH\Autoloader\Autoloader.php(289): CodeIgniter\Autoloader\Autoloader->includeFile()
 2 SYSTEMPATH\Autoloader\Autoloader.php(267): CodeIgniter\Autoloader\Autoloader->loadInNamespace()
 3 [internal function]: CodeIgniter\Autoloader\Autoloader->loadClass()
 4 [internal function]: spl_autoload_call()
 5 SYSTEMPATH\CodeIgniter.php(892): class_exists()
 6 SYSTEMPATH\CodeIgniter.php(486): CodeIgniter\CodeIgniter->startController()
 7 SYSTEMPATH\CodeIgniter.php(368): CodeIgniter\CodeIgniter->handleRequest()
 8 FCPATH\index.php(67): CodeIgniter\CodeIgniter->run()
INFO - 2023-03-20 16:28:50 --> Session: Class initialized using 'CodeIgniter\Session\Handlers\FileHandler' driver.
CRITICAL - 2023-03-20 16:28:50 --> syntax error, unexpected '$this' (T_VARIABLE)
in APPPATH\Controllers\Backend\Auth\Auth.php on line 23.
 1 SYSTEMPATH\Autoloader\Autoloader.php(289): CodeIgniter\Autoloader\Autoloader->includeFile()
 2 SYSTEMPATH\Autoloader\Autoloader.php(267): CodeIgniter\Autoloader\Autoloader->loadInNamespace()
 3 [internal function]: CodeIgniter\Autoloader\Autoloader->loadClass()
 4 [internal function]: spl_autoload_call()
 5 SYSTEMPATH\CodeIgniter.php(892): class_exists()
 6 SYSTEMPATH\CodeIgniter.php(486): CodeIgniter\CodeIgniter->startController()
 7 SYSTEMPATH\CodeIgniter.php(368): CodeIgniter\CodeIgniter->handleRequest()
 8 FCPATH\index.php(67): CodeIgniter\CodeIgniter->run()
INFO - 2023-03-20 16:28:56 --> Session: Class initialized using 'CodeIgniter\Session\Handlers\FileHandler' driver.
CRITICAL - 2023-03-20 16:28:56 --> Cannot use isset() on the result of an expression (you can use "null !== expression" instead)
in APPPATH\Services\AuthService.php on line 35.
 1 [internal function]: CodeIgniter\Debug\Exceptions->shutdownHandler()
INFO - 2023-03-20 16:29:29 --> Session: Class initialized using 'CodeIgniter\Session\Handlers\FileHandler' driver.
CRITICAL - 2023-03-20 16:29:29 --> syntax error, unexpected '=>' (T_DOUBLE_ARROW), expecting ')'
in APPPATH\Repositories\UserRepository.php on line 51.
 1 SYSTEMPATH\Autoloader\Autoloader.php(289): CodeIgniter\Autoloader\Autoloader->includeFile()
 2 SYSTEMPATH\Autoloader\Autoloader.php(267): CodeIgniter\Autoloader\Autoloader->loadInNamespace()
 3 [internal function]: CodeIgniter\Autoloader\Autoloader->loadClass()
 4 APPPATH\Config\Services.php(63): spl_autoload_call()
 5 SYSTEMPATH\Config\BaseService.php(193): Config\Services::UserRepository()
 6 APPPATH\Config\Services.php(60): CodeIgniter\Config\BaseService::getSharedInstance()
 7 SYSTEMPATH\Common.php(1016): Config\Services::UserRepository()
 8 APPPATH\Services\AuthService.php(9): service()
 9 APPPATH\Config\Services.php(28): App\Services\AuthService->__construct()
10 SYSTEMPATH\Config\BaseService.php(193): Config\Services::AuthService()
11 APPPATH\Config\Services.php(25): CodeIgniter\Config\BaseService::getSharedInstance()
12 SYSTEMPATH\Common.php(1016): Config\Services::AuthService()
13 APPPATH\Controllers\Backend\Auth\Auth.php(11): service()
14 SYSTEMPATH\CodeIgniter.php(906): App\Controllers\Backend\Auth\Auth->__construct()
15 SYSTEMPATH\CodeIgniter.php(490): CodeIgniter\CodeIgniter->createController()
16 SYSTEMPATH\CodeIgniter.php(368): CodeIgniter\CodeIgniter->handleRequest()
17 FCPATH\index.php(67): CodeIgniter\CodeIgniter->run()
INFO - 2023-03-20 18:20:04 --> Session: Class initialized using 'CodeIgniter\Session\Handlers\FileHandler' driver.
INFO - 2023-03-20 18:20:25 --> Session: Class initialized using 'CodeIgniter\Session\Handlers\FileHandler' driver.
CRITICAL - 2023-03-20 18:20:25 --> Undefined variable: param
in APPPATH\Services\AuthService.php on line 44.
 1 APPPATH\Services\AuthService.php(44): CodeIgniter\Debug\Exceptions->errorHandler()
 2 APPPATH\Controllers\Backend\Auth\Auth.php(19): App\Services\AuthService->getUserByEmail()
 3 SYSTEMPATH\CodeIgniter.php(934): App\Controllers\Backend\Auth\Auth->login()
 4 SYSTEMPATH\CodeIgniter.php(499): CodeIgniter\CodeIgniter->runController()
 5 SYSTEMPATH\CodeIgniter.php(368): CodeIgniter\CodeIgniter->handleRequest()
 6 FCPATH\index.php(67): CodeIgniter\CodeIgniter->run()
INFO - 2023-03-20 18:20:35 --> Session: Class initialized using 'CodeIgniter\Session\Handlers\FileHandler' driver.
INFO - 2023-03-20 18:20:58 --> Session: Class initialized using 'CodeIgniter\Session\Handlers\FileHandler' driver.
CRITICAL - 2023-03-20 18:20:58 --> Call to undefined function App\Services\set_cookie()
in APPPATH\Services\AuthService.php on line 34.
 1 APPPATH\Controllers\Backend\Auth\Auth.php(22): App\Services\AuthService->setSessionLogin()
 2 SYSTEMPATH\CodeIgniter.php(934): App\Controllers\Backend\Auth\Auth->login()
 3 SYSTEMPATH\CodeIgniter.php(499): CodeIgniter\CodeIgniter->runController()
 4 SYSTEMPATH\CodeIgniter.php(368): CodeIgniter\CodeIgniter->handleRequest()
 5 FCPATH\index.php(67): CodeIgniter\CodeIgniter->run()
INFO - 2023-03-20 18:21:42 --> Session: Class initialized using 'CodeIgniter\Session\Handlers\FileHandler' driver.
CRITICAL - 2023-03-20 18:21:42 --> Undefined property: App\Services\AuthService::$session
in APPPATH\Services\AuthService.php on line 37.
 1 APPPATH\Services\AuthService.php(37): CodeIgniter\Debug\Exceptions->errorHandler()
 2 APPPATH\Controllers\Backend\Auth\Auth.php(22): App\Services\AuthService->setSessionLogin()
 3 SYSTEMPATH\CodeIgniter.php(934): App\Controllers\Backend\Auth\Auth->login()
 4 SYSTEMPATH\CodeIgniter.php(499): CodeIgniter\CodeIgniter->runController()
 5 SYSTEMPATH\CodeIgniter.php(368): CodeIgniter\CodeIgniter->handleRequest()
 6 FCPATH\index.php(67): CodeIgniter\CodeIgniter->run()
INFO - 2023-03-20 18:22:08 --> Session: Class initialized using 'CodeIgniter\Session\Handlers\FileHandler' driver.
INFO - 2023-03-20 18:22:08 --> Session: Class initialized using 'CodeIgniter\Session\Handlers\FileHandler' driver.
INFO - 2023-03-20 18:22:13 --> Session: Class initialized using 'CodeIgniter\Session\Handlers\FileHandler' driver.
CRITICAL - 2023-03-20 18:22:45 --> Call to undefined function App\Filters\prE()
in APPPATH\Filters\AdminIsLogin.php on line 9.
 1 SYSTEMPATH\Filters\Filters.php(173): App\Filters\AdminIsLogin->before()
 2 SYSTEMPATH\CodeIgniter.php(473): CodeIgniter\Filters\Filters->run()
 3 SYSTEMPATH\CodeIgniter.php(368): CodeIgniter\CodeIgniter->handleRequest()
 4 FCPATH\index.php(67): CodeIgniter\CodeIgniter->run()
INFO - 2023-03-20 18:22:57 --> Session: Class initialized using 'CodeIgniter\Session\Handlers\FileHandler' driver.
INFO - 2023-03-20 18:23:01 --> Session: Class initialized using 'CodeIgniter\Session\Handlers\FileHandler' driver.
INFO - 2023-03-20 18:23:01 --> Session: Class initialized using 'CodeIgniter\Session\Handlers\FileHandler' driver.
INFO - 2023-03-20 18:23:05 --> Session: Class initialized using 'CodeIgniter\Session\Handlers\FileHandler' driver.
INFO - 2023-03-20 18:23:05 --> Session: Class initialized using 'CodeIgniter\Session\Handlers\FileHandler' driver.
INFO - 2023-03-20 18:23:21 --> Session: Class initialized using 'CodeIgniter\Session\Handlers\FileHandler' driver.
INFO - 2023-03-20 18:25:03 --> Session: Class initialized using 'CodeIgniter\Session\Handlers\FileHandler' driver.
INFO - 2023-03-20 18:25:06 --> Session: Class initialized using 'CodeIgniter\Session\Handlers\FileHandler' driver.
