CRITICAL - 2023-03-16 15:22:21 --> Invalid file: "backend/homepage/common/loading.php"
in SYSTEMPATH\Exceptions\FrameworkException.php on line 33.
 1 SYSTEMPATH\View\View.php(201): CodeIgniter\Exceptions\FrameworkException::forInvalidFile()
 2 SYSTEMPATH\Common.php(1184): CodeIgniter\View\View->render()
 3 APPPATH\Views\backend\dashboard\layout\home.php(34): view()
 4 SYSTEMPATH\View\View.php(213): include('APPPATH\\Views\\backend\\dashboard\\layout\\home.php')
 5 SYSTEMPATH\View\View.php(216): CodeIgniter\View\View->CodeIgniter\View\{closure}()
 6 SYSTEMPATH\Common.php(1184): CodeIgniter\View\View->render()
 7 APPPATH\Controllers\Backend\Dashboard\Dashboard.php(14): view()
 8 SYSTEMPATH\CodeIgniter.php(934): App\Controllers\Backend\Dashboard\Dashboard->index()
 9 SYSTEMPATH\CodeIgniter.php(499): CodeIgniter\CodeIgniter->runController()
10 SYSTEMPATH\CodeIgniter.php(368): CodeIgniter\CodeIgniter->handleRequest()
11 FCPATH\index.php(66): CodeIgniter\CodeIgniter->run()
CRITICAL - 2023-03-16 15:22:21 --> Invalid file: "backend/homepage/common/loading.php"
in SYSTEMPATH\Exceptions\FrameworkException.php on line 33.
 1 SYSTEMPATH\View\View.php(201): CodeIgniter\Exceptions\FrameworkException::forInvalidFile()
 2 SYSTEMPATH\Common.php(1184): CodeIgniter\View\View->render()
 3 APPPATH\Views\backend\dashboard\layout\home.php(34): view()
 4 SYSTEMPATH\View\View.php(213): include('APPPATH\\Views\\backend\\dashboard\\layout\\home.php')
 5 SYSTEMPATH\View\View.php(216): CodeIgniter\View\View->CodeIgniter\View\{closure}()
 6 SYSTEMPATH\Common.php(1184): CodeIgniter\View\View->render()
 7 APPPATH\Controllers\Backend\Dashboard\Dashboard.php(14): view()
 8 SYSTEMPATH\CodeIgniter.php(934): App\Controllers\Backend\Dashboard\Dashboard->index()
 9 SYSTEMPATH\CodeIgniter.php(499): CodeIgniter\CodeIgniter->runController()
10 SYSTEMPATH\CodeIgniter.php(368): CodeIgniter\CodeIgniter->handleRequest()
11 FCPATH\index.php(66): CodeIgniter\CodeIgniter->run()
CRITICAL - 2023-03-16 15:46:48 --> The namespace delimiter is a backslash (\), not a slash (/). Route handler: "\App\Controllers\Backend/User/User::index"
in SYSTEMPATH\Router\Router.php on line 474.
 1 SYSTEMPATH\Router\Router.php(474): CodeIgniter\Router\Exceptions\RouterException::forInvalidControllerName()
 2 SYSTEMPATH\Router\Router.php(182): CodeIgniter\Router\Router->checkRoutes()
 3 SYSTEMPATH\CodeIgniter.php(815): CodeIgniter\Router\Router->handle()
 4 SYSTEMPATH\CodeIgniter.php(449): CodeIgniter\CodeIgniter->tryToRouteIt()
 5 SYSTEMPATH\CodeIgniter.php(368): CodeIgniter\CodeIgniter->handleRequest()
 6 FCPATH\index.php(66): CodeIgniter\CodeIgniter->run()
CRITICAL - 2023-03-16 15:47:06 --> Invalid file: "backend/user/user/index.php"
in SYSTEMPATH\Exceptions\FrameworkException.php on line 33.
 1 SYSTEMPATH\View\View.php(201): CodeIgniter\Exceptions\FrameworkException::forInvalidFile()
 2 SYSTEMPATH\Common.php(1184): CodeIgniter\View\View->render()
 3 APPPATH\Views\backend\dashboard\layout\home.php(45): view()
 4 SYSTEMPATH\View\View.php(213): include('APPPATH\\Views\\backend\\dashboard\\layout\\home.php')
 5 SYSTEMPATH\View\View.php(216): CodeIgniter\View\View->CodeIgniter\View\{closure}()
 6 SYSTEMPATH\Common.php(1184): CodeIgniter\View\View->render()
 7 APPPATH\Controllers\Backend\User\User.php(14): view()
 8 SYSTEMPATH\CodeIgniter.php(934): App\Controllers\Backend\User\User->index()
 9 SYSTEMPATH\CodeIgniter.php(499): CodeIgniter\CodeIgniter->runController()
10 SYSTEMPATH\CodeIgniter.php(368): CodeIgniter\CodeIgniter->handleRequest()
11 FCPATH\index.php(66): CodeIgniter\CodeIgniter->run()
CRITICAL - 2023-03-16 17:20:40 --> Call to undefined function form_input()
in APPPATH\Views\backend\user\user\store.php on line 37.
 1 SYSTEMPATH\View\View.php(213): include()
 2 SYSTEMPATH\View\View.php(216): CodeIgniter\View\View->CodeIgniter\View\{closure}()
 3 SYSTEMPATH\Common.php(1184): CodeIgniter\View\View->render()
 4 APPPATH\Views\backend\dashboard\layout\home.php(46): view()
 5 SYSTEMPATH\View\View.php(213): include('APPPATH\\Views\\backend\\dashboard\\layout\\home.php')
 6 SYSTEMPATH\View\View.php(216): CodeIgniter\View\View->CodeIgniter\View\{closure}()
 7 SYSTEMPATH\Common.php(1184): CodeIgniter\View\View->render()
 8 APPPATH\Controllers\Backend\User\User.php(22): view()
 9 SYSTEMPATH\CodeIgniter.php(934): App\Controllers\Backend\User\User->create()
10 SYSTEMPATH\CodeIgniter.php(499): CodeIgniter\CodeIgniter->runController()
11 SYSTEMPATH\CodeIgniter.php(368): CodeIgniter\CodeIgniter->handleRequest()
12 FCPATH\index.php(66): CodeIgniter\CodeIgniter->run()
CRITICAL - 2023-03-16 17:21:19 --> syntax error, unexpected 'parent' (T_STRING)
in APPPATH\Controllers\BaseController.php on line 52.
 1 SYSTEMPATH\Autoloader\Autoloader.php(289): CodeIgniter\Autoloader\Autoloader->includeFile()
 2 SYSTEMPATH\Autoloader\Autoloader.php(267): CodeIgniter\Autoloader\Autoloader->loadInNamespace()
 3 [internal function]: CodeIgniter\Autoloader\Autoloader->loadClass()
 4 APPPATH\Controllers\Backend\User\User.php(6): spl_autoload_call()
 5 SYSTEMPATH\Autoloader\Autoloader.php(312): include_once('APPPATH\\Controllers\\Backend\\User\\User.php')
 6 SYSTEMPATH\Autoloader\Autoloader.php(289): CodeIgniter\Autoloader\Autoloader->includeFile()
 7 SYSTEMPATH\Autoloader\Autoloader.php(267): CodeIgniter\Autoloader\Autoloader->loadInNamespace()
 8 [internal function]: CodeIgniter\Autoloader\Autoloader->loadClass()
 9 [internal function]: spl_autoload_call()
10 SYSTEMPATH\CodeIgniter.php(892): class_exists()
11 SYSTEMPATH\CodeIgniter.php(486): CodeIgniter\CodeIgniter->startController()
12 SYSTEMPATH\CodeIgniter.php(368): CodeIgniter\CodeIgniter->handleRequest()
13 FCPATH\index.php(66): CodeIgniter\CodeIgniter->run()
CRITICAL - 2023-03-16 17:21:20 --> syntax error, unexpected 'parent' (T_STRING)
in APPPATH\Controllers\BaseController.php on line 52.
 1 SYSTEMPATH\Autoloader\Autoloader.php(289): CodeIgniter\Autoloader\Autoloader->includeFile()
 2 SYSTEMPATH\Autoloader\Autoloader.php(267): CodeIgniter\Autoloader\Autoloader->loadInNamespace()
 3 [internal function]: CodeIgniter\Autoloader\Autoloader->loadClass()
 4 APPPATH\Controllers\Backend\User\User.php(6): spl_autoload_call()
 5 SYSTEMPATH\Autoloader\Autoloader.php(312): include_once('APPPATH\\Controllers\\Backend\\User\\User.php')
 6 SYSTEMPATH\Autoloader\Autoloader.php(289): CodeIgniter\Autoloader\Autoloader->includeFile()
 7 SYSTEMPATH\Autoloader\Autoloader.php(267): CodeIgniter\Autoloader\Autoloader->loadInNamespace()
 8 [internal function]: CodeIgniter\Autoloader\Autoloader->loadClass()
 9 [internal function]: spl_autoload_call()
10 SYSTEMPATH\CodeIgniter.php(892): class_exists()
11 SYSTEMPATH\CodeIgniter.php(486): CodeIgniter\CodeIgniter->startController()
12 SYSTEMPATH\CodeIgniter.php(368): CodeIgniter\CodeIgniter->handleRequest()
13 FCPATH\index.php(66): CodeIgniter\CodeIgniter->run()
CRITICAL - 2023-03-16 17:21:21 --> syntax error, unexpected 'parent' (T_STRING)
in APPPATH\Controllers\BaseController.php on line 52.
 1 SYSTEMPATH\Autoloader\Autoloader.php(289): CodeIgniter\Autoloader\Autoloader->includeFile()
 2 SYSTEMPATH\Autoloader\Autoloader.php(267): CodeIgniter\Autoloader\Autoloader->loadInNamespace()
 3 [internal function]: CodeIgniter\Autoloader\Autoloader->loadClass()
 4 APPPATH\Controllers\Backend\User\User.php(6): spl_autoload_call()
 5 SYSTEMPATH\Autoloader\Autoloader.php(312): include_once('APPPATH\\Controllers\\Backend\\User\\User.php')
 6 SYSTEMPATH\Autoloader\Autoloader.php(289): CodeIgniter\Autoloader\Autoloader->includeFile()
 7 SYSTEMPATH\Autoloader\Autoloader.php(267): CodeIgniter\Autoloader\Autoloader->loadInNamespace()
 8 [internal function]: CodeIgniter\Autoloader\Autoloader->loadClass()
 9 [internal function]: spl_autoload_call()
10 SYSTEMPATH\CodeIgniter.php(892): class_exists()
11 SYSTEMPATH\CodeIgniter.php(486): CodeIgniter\CodeIgniter->startController()
12 SYSTEMPATH\CodeIgniter.php(368): CodeIgniter\CodeIgniter->handleRequest()
13 FCPATH\index.php(66): CodeIgniter\CodeIgniter->run()
CRITICAL - 2023-03-16 17:28:58 --> Call to undefined function form_date()
in APPPATH\Views\backend\user\user\store.php on line 71.
 1 SYSTEMPATH\View\View.php(213): include()
 2 SYSTEMPATH\View\View.php(216): CodeIgniter\View\View->CodeIgniter\View\{closure}()
 3 SYSTEMPATH\Common.php(1184): CodeIgniter\View\View->render()
 4 APPPATH\Views\backend\dashboard\layout\home.php(46): view()
 5 SYSTEMPATH\View\View.php(213): include('APPPATH\\Views\\backend\\dashboard\\layout\\home.php')
 6 SYSTEMPATH\View\View.php(216): CodeIgniter\View\View->CodeIgniter\View\{closure}()
 7 SYSTEMPATH\Common.php(1184): CodeIgniter\View\View->render()
 8 APPPATH\Controllers\Backend\User\User.php(22): view()
 9 SYSTEMPATH\CodeIgniter.php(934): App\Controllers\Backend\User\User->create()
10 SYSTEMPATH\CodeIgniter.php(499): CodeIgniter\CodeIgniter->runController()
11 SYSTEMPATH\CodeIgniter.php(368): CodeIgniter\CodeIgniter->handleRequest()
12 FCPATH\index.php(66): CodeIgniter\CodeIgniter->run()
CRITICAL - 2023-03-16 17:33:01 --> Call to undefined function get_data()
in APPPATH\Views\backend\user\user\store.php on line 81.
 1 SYSTEMPATH\View\View.php(213): include()
 2 SYSTEMPATH\View\View.php(216): CodeIgniter\View\View->CodeIgniter\View\{closure}()
 3 SYSTEMPATH\Common.php(1184): CodeIgniter\View\View->render()
 4 APPPATH\Views\backend\dashboard\layout\home.php(46): view()
 5 SYSTEMPATH\View\View.php(213): include('APPPATH\\Views\\backend\\dashboard\\layout\\home.php')
 6 SYSTEMPATH\View\View.php(216): CodeIgniter\View\View->CodeIgniter\View\{closure}()
 7 SYSTEMPATH\Common.php(1184): CodeIgniter\View\View->render()
 8 APPPATH\Controllers\Backend\User\User.php(22): view()
 9 SYSTEMPATH\CodeIgniter.php(934): App\Controllers\Backend\User\User->create()
10 SYSTEMPATH\CodeIgniter.php(499): CodeIgniter\CodeIgniter->runController()
11 SYSTEMPATH\CodeIgniter.php(368): CodeIgniter\CodeIgniter->handleRequest()
12 FCPATH\index.php(66): CodeIgniter\CodeIgniter->run()
CRITICAL - 2023-03-16 17:34:27 --> Call to undefined function get_data()
in APPPATH\Views\backend\user\user\store.php on line 81.
 1 SYSTEMPATH\View\View.php(213): include()
 2 SYSTEMPATH\View\View.php(216): CodeIgniter\View\View->CodeIgniter\View\{closure}()
 3 SYSTEMPATH\Common.php(1184): CodeIgniter\View\View->render()
 4 APPPATH\Views\backend\dashboard\layout\home.php(46): view()
 5 SYSTEMPATH\View\View.php(213): include('APPPATH\\Views\\backend\\dashboard\\layout\\home.php')
 6 SYSTEMPATH\View\View.php(216): CodeIgniter\View\View->CodeIgniter\View\{closure}()
 7 SYSTEMPATH\Common.php(1184): CodeIgniter\View\View->render()
 8 APPPATH\Controllers\Backend\User\User.php(22): view()
 9 SYSTEMPATH\CodeIgniter.php(934): App\Controllers\Backend\User\User->create()
10 SYSTEMPATH\CodeIgniter.php(499): CodeIgniter\CodeIgniter->runController()
11 SYSTEMPATH\CodeIgniter.php(368): CodeIgniter\CodeIgniter->handleRequest()
12 FCPATH\index.php(66): CodeIgniter\CodeIgniter->run()
CRITICAL - 2023-03-16 17:34:27 --> Call to undefined function get_data()
in APPPATH\Views\backend\user\user\store.php on line 81.
 1 SYSTEMPATH\View\View.php(213): include()
 2 SYSTEMPATH\View\View.php(216): CodeIgniter\View\View->CodeIgniter\View\{closure}()
 3 SYSTEMPATH\Common.php(1184): CodeIgniter\View\View->render()
 4 APPPATH\Views\backend\dashboard\layout\home.php(46): view()
 5 SYSTEMPATH\View\View.php(213): include('APPPATH\\Views\\backend\\dashboard\\layout\\home.php')
 6 SYSTEMPATH\View\View.php(216): CodeIgniter\View\View->CodeIgniter\View\{closure}()
 7 SYSTEMPATH\Common.php(1184): CodeIgniter\View\View->render()
 8 APPPATH\Controllers\Backend\User\User.php(22): view()
 9 SYSTEMPATH\CodeIgniter.php(934): App\Controllers\Backend\User\User->create()
10 SYSTEMPATH\CodeIgniter.php(499): CodeIgniter\CodeIgniter->runController()
11 SYSTEMPATH\CodeIgniter.php(368): CodeIgniter\CodeIgniter->handleRequest()
12 FCPATH\index.php(66): CodeIgniter\CodeIgniter->run()
CRITICAL - 2023-03-16 17:34:27 --> Call to undefined function get_data()
in APPPATH\Views\backend\user\user\store.php on line 81.
 1 SYSTEMPATH\View\View.php(213): include()
 2 SYSTEMPATH\View\View.php(216): CodeIgniter\View\View->CodeIgniter\View\{closure}()
 3 SYSTEMPATH\Common.php(1184): CodeIgniter\View\View->render()
 4 APPPATH\Views\backend\dashboard\layout\home.php(46): view()
 5 SYSTEMPATH\View\View.php(213): include('APPPATH\\Views\\backend\\dashboard\\layout\\home.php')
 6 SYSTEMPATH\View\View.php(216): CodeIgniter\View\View->CodeIgniter\View\{closure}()
 7 SYSTEMPATH\Common.php(1184): CodeIgniter\View\View->render()
 8 APPPATH\Controllers\Backend\User\User.php(22): view()
 9 SYSTEMPATH\CodeIgniter.php(934): App\Controllers\Backend\User\User->create()
10 SYSTEMPATH\CodeIgniter.php(499): CodeIgniter\CodeIgniter->runController()
11 SYSTEMPATH\CodeIgniter.php(368): CodeIgniter\CodeIgniter->handleRequest()
12 FCPATH\index.php(66): CodeIgniter\CodeIgniter->run()
CRITICAL - 2023-03-16 17:39:25 --> Call to undefined method App\Models\UserModel::getAll
in SYSTEMPATH\Model.php on line 842.
 1 APPPATH\Views\backend\user\user\store.php(82): CodeIgniter\Model->__call()
 2 SYSTEMPATH\View\View.php(213): include('APPPATH\\Views\\backend\\user\\user\\store.php')
 3 SYSTEMPATH\View\View.php(216): CodeIgniter\View\View->CodeIgniter\View\{closure}()
 4 SYSTEMPATH\Common.php(1184): CodeIgniter\View\View->render()
 5 APPPATH\Views\backend\dashboard\layout\home.php(46): view()
 6 SYSTEMPATH\View\View.php(213): include('APPPATH\\Views\\backend\\dashboard\\layout\\home.php')
 7 SYSTEMPATH\View\View.php(216): CodeIgniter\View\View->CodeIgniter\View\{closure}()
 8 SYSTEMPATH\Common.php(1184): CodeIgniter\View\View->render()
 9 APPPATH\Controllers\Backend\User\User.php(22): view()
10 SYSTEMPATH\CodeIgniter.php(934): App\Controllers\Backend\User\User->create()
11 SYSTEMPATH\CodeIgniter.php(499): CodeIgniter\CodeIgniter->runController()
12 SYSTEMPATH\CodeIgniter.php(368): CodeIgniter\CodeIgniter->handleRequest()
13 FCPATH\index.php(66): CodeIgniter\CodeIgniter->run()
CRITICAL - 2023-03-16 17:39:46 --> Call to undefined method App\Models\UserModel::findAlls
in SYSTEMPATH\Model.php on line 842.
 1 APPPATH\Views\backend\user\user\store.php(82): CodeIgniter\Model->__call()
 2 SYSTEMPATH\View\View.php(213): include('APPPATH\\Views\\backend\\user\\user\\store.php')
 3 SYSTEMPATH\View\View.php(216): CodeIgniter\View\View->CodeIgniter\View\{closure}()
 4 SYSTEMPATH\Common.php(1184): CodeIgniter\View\View->render()
 5 APPPATH\Views\backend\dashboard\layout\home.php(46): view()
 6 SYSTEMPATH\View\View.php(213): include('APPPATH\\Views\\backend\\dashboard\\layout\\home.php')
 7 SYSTEMPATH\View\View.php(216): CodeIgniter\View\View->CodeIgniter\View\{closure}()
 8 SYSTEMPATH\Common.php(1184): CodeIgniter\View\View->render()
 9 APPPATH\Controllers\Backend\User\User.php(22): view()
10 SYSTEMPATH\CodeIgniter.php(934): App\Controllers\Backend\User\User->create()
11 SYSTEMPATH\CodeIgniter.php(499): CodeIgniter\CodeIgniter->runController()
12 SYSTEMPATH\CodeIgniter.php(368): CodeIgniter\CodeIgniter->handleRequest()
13 FCPATH\index.php(66): CodeIgniter\CodeIgniter->run()
CRITICAL - 2023-03-16 17:40:31 --> Call to a member function orderBy() on array
in APPPATH\Views\backend\user\user\store.php on line 82.
 1 SYSTEMPATH\View\View.php(213): include()
 2 SYSTEMPATH\View\View.php(216): CodeIgniter\View\View->CodeIgniter\View\{closure}()
 3 SYSTEMPATH\Common.php(1184): CodeIgniter\View\View->render()
 4 APPPATH\Views\backend\dashboard\layout\home.php(46): view()
 5 SYSTEMPATH\View\View.php(213): include('APPPATH\\Views\\backend\\dashboard\\layout\\home.php')
 6 SYSTEMPATH\View\View.php(216): CodeIgniter\View\View->CodeIgniter\View\{closure}()
 7 SYSTEMPATH\Common.php(1184): CodeIgniter\View\View->render()
 8 APPPATH\Controllers\Backend\User\User.php(22): view()
 9 SYSTEMPATH\CodeIgniter.php(934): App\Controllers\Backend\User\User->create()
10 SYSTEMPATH\CodeIgniter.php(499): CodeIgniter\CodeIgniter->runController()
11 SYSTEMPATH\CodeIgniter.php(368): CodeIgniter\CodeIgniter->handleRequest()
12 FCPATH\index.php(66): CodeIgniter\CodeIgniter->run()
CRITICAL - 2023-03-16 17:41:06 --> Call to a member function orderBy() on array
in APPPATH\Views\backend\user\user\store.php on line 82.
 1 SYSTEMPATH\View\View.php(213): include()
 2 SYSTEMPATH\View\View.php(216): CodeIgniter\View\View->CodeIgniter\View\{closure}()
 3 SYSTEMPATH\Common.php(1184): CodeIgniter\View\View->render()
 4 APPPATH\Views\backend\dashboard\layout\home.php(46): view()
 5 SYSTEMPATH\View\View.php(213): include('APPPATH\\Views\\backend\\dashboard\\layout\\home.php')
 6 SYSTEMPATH\View\View.php(216): CodeIgniter\View\View->CodeIgniter\View\{closure}()
 7 SYSTEMPATH\Common.php(1184): CodeIgniter\View\View->render()
 8 APPPATH\Controllers\Backend\User\User.php(22): view()
 9 SYSTEMPATH\CodeIgniter.php(934): App\Controllers\Backend\User\User->create()
10 SYSTEMPATH\CodeIgniter.php(499): CodeIgniter\CodeIgniter->runController()
11 SYSTEMPATH\CodeIgniter.php(368): CodeIgniter\CodeIgniter->handleRequest()
12 FCPATH\index.php(66): CodeIgniter\CodeIgniter->run()
CRITICAL - 2023-03-16 17:41:07 --> Call to a member function orderBy() on array
in APPPATH\Views\backend\user\user\store.php on line 82.
 1 SYSTEMPATH\View\View.php(213): include()
 2 SYSTEMPATH\View\View.php(216): CodeIgniter\View\View->CodeIgniter\View\{closure}()
 3 SYSTEMPATH\Common.php(1184): CodeIgniter\View\View->render()
 4 APPPATH\Views\backend\dashboard\layout\home.php(46): view()
 5 SYSTEMPATH\View\View.php(213): include('APPPATH\\Views\\backend\\dashboard\\layout\\home.php')
 6 SYSTEMPATH\View\View.php(216): CodeIgniter\View\View->CodeIgniter\View\{closure}()
 7 SYSTEMPATH\Common.php(1184): CodeIgniter\View\View->render()
 8 APPPATH\Controllers\Backend\User\User.php(22): view()
 9 SYSTEMPATH\CodeIgniter.php(934): App\Controllers\Backend\User\User->create()
10 SYSTEMPATH\CodeIgniter.php(499): CodeIgniter\CodeIgniter->runController()
11 SYSTEMPATH\CodeIgniter.php(368): CodeIgniter\CodeIgniter->handleRequest()
12 FCPATH\index.php(66): CodeIgniter\CodeIgniter->run()
CRITICAL - 2023-03-16 17:41:07 --> Call to a member function orderBy() on array
in APPPATH\Views\backend\user\user\store.php on line 82.
 1 SYSTEMPATH\View\View.php(213): include()
 2 SYSTEMPATH\View\View.php(216): CodeIgniter\View\View->CodeIgniter\View\{closure}()
 3 SYSTEMPATH\Common.php(1184): CodeIgniter\View\View->render()
 4 APPPATH\Views\backend\dashboard\layout\home.php(46): view()
 5 SYSTEMPATH\View\View.php(213): include('APPPATH\\Views\\backend\\dashboard\\layout\\home.php')
 6 SYSTEMPATH\View\View.php(216): CodeIgniter\View\View->CodeIgniter\View\{closure}()
 7 SYSTEMPATH\Common.php(1184): CodeIgniter\View\View->render()
 8 APPPATH\Controllers\Backend\User\User.php(22): view()
 9 SYSTEMPATH\CodeIgniter.php(934): App\Controllers\Backend\User\User->create()
10 SYSTEMPATH\CodeIgniter.php(499): CodeIgniter\CodeIgniter->runController()
11 SYSTEMPATH\CodeIgniter.php(368): CodeIgniter\CodeIgniter->handleRequest()
12 FCPATH\index.php(66): CodeIgniter\CodeIgniter->run()
CRITICAL - 2023-03-16 17:42:32 --> Call to a member function orderBy() on array
in APPPATH\Views\backend\user\user\store.php on line 82.
 1 SYSTEMPATH\View\View.php(213): include()
 2 SYSTEMPATH\View\View.php(216): CodeIgniter\View\View->CodeIgniter\View\{closure}()
 3 SYSTEMPATH\Common.php(1184): CodeIgniter\View\View->render()
 4 APPPATH\Views\backend\dashboard\layout\home.php(46): view()
 5 SYSTEMPATH\View\View.php(213): include('APPPATH\\Views\\backend\\dashboard\\layout\\home.php')
 6 SYSTEMPATH\View\View.php(216): CodeIgniter\View\View->CodeIgniter\View\{closure}()
 7 SYSTEMPATH\Common.php(1184): CodeIgniter\View\View->render()
 8 APPPATH\Controllers\Backend\User\User.php(22): view()
 9 SYSTEMPATH\CodeIgniter.php(934): App\Controllers\Backend\User\User->create()
10 SYSTEMPATH\CodeIgniter.php(499): CodeIgniter\CodeIgniter->runController()
11 SYSTEMPATH\CodeIgniter.php(368): CodeIgniter\CodeIgniter->handleRequest()
12 FCPATH\index.php(66): CodeIgniter\CodeIgniter->run()
CRITICAL - 2023-03-16 17:42:33 --> Call to a member function orderBy() on array
in APPPATH\Views\backend\user\user\store.php on line 82.
 1 SYSTEMPATH\View\View.php(213): include()
 2 SYSTEMPATH\View\View.php(216): CodeIgniter\View\View->CodeIgniter\View\{closure}()
 3 SYSTEMPATH\Common.php(1184): CodeIgniter\View\View->render()
 4 APPPATH\Views\backend\dashboard\layout\home.php(46): view()
 5 SYSTEMPATH\View\View.php(213): include('APPPATH\\Views\\backend\\dashboard\\layout\\home.php')
 6 SYSTEMPATH\View\View.php(216): CodeIgniter\View\View->CodeIgniter\View\{closure}()
 7 SYSTEMPATH\Common.php(1184): CodeIgniter\View\View->render()
 8 APPPATH\Controllers\Backend\User\User.php(22): view()
 9 SYSTEMPATH\CodeIgniter.php(934): App\Controllers\Backend\User\User->create()
10 SYSTEMPATH\CodeIgniter.php(499): CodeIgniter\CodeIgniter->runController()
11 SYSTEMPATH\CodeIgniter.php(368): CodeIgniter\CodeIgniter->handleRequest()
12 FCPATH\index.php(66): CodeIgniter\CodeIgniter->run()
CRITICAL - 2023-03-16 18:00:48 --> Too few arguments to function App\Controllers\Ajax\Backend\Dashboard::__construct(), 0 passed in W:\domains\landing.cvgoup.com\system\CodeIgniter.php on line 906 and exactly 1 expected
in APPPATH\Controllers\Ajax\Backend\Dashboard.php on line 8.
 1 SYSTEMPATH\CodeIgniter.php(906): App\Controllers\Ajax\Backend\Dashboard->__construct()
 2 SYSTEMPATH\CodeIgniter.php(490): CodeIgniter\CodeIgniter->createController()
 3 SYSTEMPATH\CodeIgniter.php(368): CodeIgniter\CodeIgniter->handleRequest()
 4 FCPATH\index.php(66): CodeIgniter\CodeIgniter->run()
CRITICAL - 2023-03-16 18:01:09 --> Too few arguments to function App\Controllers\Ajax\Backend\Dashboard::__construct(), 0 passed in W:\domains\landing.cvgoup.com\system\CodeIgniter.php on line 906 and exactly 1 expected
in APPPATH\Controllers\Ajax\Backend\Dashboard.php on line 9.
 1 SYSTEMPATH\CodeIgniter.php(906): App\Controllers\Ajax\Backend\Dashboard->__construct()
 2 SYSTEMPATH\CodeIgniter.php(490): CodeIgniter\CodeIgniter->createController()
 3 SYSTEMPATH\CodeIgniter.php(368): CodeIgniter\CodeIgniter->handleRequest()
 4 FCPATH\index.php(66): CodeIgniter\CodeIgniter->run()
CRITICAL - 2023-03-16 18:01:57 --> Too few arguments to function App\Controllers\Ajax\Backend\Dashboard::__construct(), 0 passed in W:\domains\landing.cvgoup.com\system\CodeIgniter.php on line 906 and exactly 1 expected
in APPPATH\Controllers\Ajax\Backend\Dashboard.php on line 10.
 1 SYSTEMPATH\CodeIgniter.php(906): App\Controllers\Ajax\Backend\Dashboard->__construct()
 2 SYSTEMPATH\CodeIgniter.php(490): CodeIgniter\CodeIgniter->createController()
 3 SYSTEMPATH\CodeIgniter.php(368): CodeIgniter\CodeIgniter->handleRequest()
 4 FCPATH\index.php(66): CodeIgniter\CodeIgniter->run()
CRITICAL - 2023-03-16 18:02:38 --> Too few arguments to function App\Controllers\Ajax\Backend\Dashboard::__construct(), 0 passed in W:\domains\landing.cvgoup.com\system\CodeIgniter.php on line 906 and exactly 1 expected
in APPPATH\Controllers\Ajax\Backend\Dashboard.php on line 10.
 1 SYSTEMPATH\CodeIgniter.php(906): App\Controllers\Ajax\Backend\Dashboard->__construct()
 2 SYSTEMPATH\CodeIgniter.php(490): CodeIgniter\CodeIgniter->createController()
 3 SYSTEMPATH\CodeIgniter.php(368): CodeIgniter\CodeIgniter->handleRequest()
 4 FCPATH\index.php(66): CodeIgniter\CodeIgniter->run()
CRITICAL - 2023-03-16 18:02:56 --> Too few arguments to function App\Controllers\Ajax\Backend\Dashboard::__construct(), 0 passed in W:\domains\landing.cvgoup.com\system\CodeIgniter.php on line 906 and exactly 1 expected
in APPPATH\Controllers\Ajax\Backend\Dashboard.php on line 10.
 1 SYSTEMPATH\CodeIgniter.php(906): App\Controllers\Ajax\Backend\Dashboard->__construct()
 2 SYSTEMPATH\CodeIgniter.php(490): CodeIgniter\CodeIgniter->createController()
 3 SYSTEMPATH\CodeIgniter.php(368): CodeIgniter\CodeIgniter->handleRequest()
 4 FCPATH\index.php(66): CodeIgniter\CodeIgniter->run()
CRITICAL - 2023-03-16 18:06:21 --> Too few arguments to function App\Controllers\Ajax\Backend\Dashboard::__construct(), 0 passed in W:\domains\landing.cvgoup.com\system\CodeIgniter.php on line 906 and exactly 1 expected
in APPPATH\Controllers\Ajax\Backend\Dashboard.php on line 10.
 1 SYSTEMPATH\CodeIgniter.php(906): App\Controllers\Ajax\Backend\Dashboard->__construct()
 2 SYSTEMPATH\CodeIgniter.php(490): CodeIgniter\CodeIgniter->createController()
 3 SYSTEMPATH\CodeIgniter.php(368): CodeIgniter\CodeIgniter->handleRequest()
 4 FCPATH\index.php(66): CodeIgniter\CodeIgniter->run()
CRITICAL - 2023-03-16 18:08:15 --> Too few arguments to function App\Controllers\Ajax\Backend\Dashboard::__construct(), 0 passed in W:\domains\landing.cvgoup.com\system\CodeIgniter.php on line 906 and exactly 1 expected
in APPPATH\Controllers\Ajax\Backend\Dashboard.php on line 10.
 1 SYSTEMPATH\CodeIgniter.php(906): App\Controllers\Ajax\Backend\Dashboard->__construct()
 2 SYSTEMPATH\CodeIgniter.php(490): CodeIgniter\CodeIgniter->createController()
 3 SYSTEMPATH\CodeIgniter.php(368): CodeIgniter\CodeIgniter->handleRequest()
 4 FCPATH\index.php(66): CodeIgniter\CodeIgniter->run()
CRITICAL - 2023-03-16 18:11:13 --> Too few arguments to function App\Controllers\Ajax\Backend\Dashboard::__construct(), 0 passed in W:\domains\landing.cvgoup.com\system\CodeIgniter.php on line 906 and exactly 1 expected
in APPPATH\Controllers\Ajax\Backend\Dashboard.php on line 8.
 1 SYSTEMPATH\CodeIgniter.php(906): App\Controllers\Ajax\Backend\Dashboard->__construct()
 2 SYSTEMPATH\CodeIgniter.php(490): CodeIgniter\CodeIgniter->createController()
 3 SYSTEMPATH\CodeIgniter.php(368): CodeIgniter\CodeIgniter->handleRequest()
 4 FCPATH\index.php(66): CodeIgniter\CodeIgniter->run()
CRITICAL - 2023-03-16 18:11:23 --> Argument 1 passed to App\Services\ProvinceService::__construct() must be an instance of App\Repositories\ProvinceRepository, array given, called in W:\domains\landing.cvgoup.com\app\Config\Services.php on line 29
in APPPATH\Services\ProvinceService.php on line 9.
 1 APPPATH\Config\Services.php(29): App\Services\ProvinceService->__construct()
 2 SYSTEMPATH\Config\BaseService.php(193): Config\Services::ProvinceService()
 3 APPPATH\Config\Services.php(26): CodeIgniter\Config\BaseService::getSharedInstance()
 4 SYSTEMPATH\Common.php(1016): Config\Services::ProvinceService()
 5 APPPATH\Controllers\Ajax\Backend\Dashboard.php(10): service()
 6 SYSTEMPATH\CodeIgniter.php(906): App\Controllers\Ajax\Backend\Dashboard->__construct()
 7 SYSTEMPATH\CodeIgniter.php(490): CodeIgniter\CodeIgniter->createController()
 8 SYSTEMPATH\CodeIgniter.php(368): CodeIgniter\CodeIgniter->handleRequest()
 9 FCPATH\index.php(66): CodeIgniter\CodeIgniter->run()
CRITICAL - 2023-03-16 18:11:49 --> Argument 1 passed to App\Services\ProvinceService::__construct() must be an instance of App\Repositories\ProvinceRepository, array given, called in W:\domains\landing.cvgoup.com\app\Config\Services.php on line 29
in APPPATH\Services\ProvinceService.php on line 9.
 1 APPPATH\Config\Services.php(29): App\Services\ProvinceService->__construct()
 2 SYSTEMPATH\Config\BaseService.php(193): Config\Services::ProvinceService()
 3 APPPATH\Config\Services.php(26): CodeIgniter\Config\BaseService::getSharedInstance()
 4 SYSTEMPATH\Common.php(1016): Config\Services::ProvinceService()
 5 APPPATH\Controllers\Ajax\Backend\Dashboard.php(10): service()
 6 SYSTEMPATH\CodeIgniter.php(906): App\Controllers\Ajax\Backend\Dashboard->__construct()
 7 SYSTEMPATH\CodeIgniter.php(490): CodeIgniter\CodeIgniter->createController()
 8 SYSTEMPATH\CodeIgniter.php(368): CodeIgniter\CodeIgniter->handleRequest()
 9 FCPATH\index.php(66): CodeIgniter\CodeIgniter->run()
CRITICAL - 2023-03-16 18:15:18 --> Undefined property: App\Services\ProvinceService::$request
in APPPATH\Services\ProvinceService.php on line 14.
 1 APPPATH\Services\ProvinceService.php(14): CodeIgniter\Debug\Exceptions->errorHandler()
 2 APPPATH\Controllers\Ajax\Backend\Dashboard.php(15): App\Services\ProvinceService->getLocation()
 3 SYSTEMPATH\CodeIgniter.php(934): App\Controllers\Ajax\Backend\Dashboard->get_location()
 4 SYSTEMPATH\CodeIgniter.php(499): CodeIgniter\CodeIgniter->runController()
 5 SYSTEMPATH\CodeIgniter.php(368): CodeIgniter\CodeIgniter->handleRequest()
 6 FCPATH\index.php(66): CodeIgniter\CodeIgniter->run()
CRITICAL - 2023-03-16 18:15:54 --> Undefined property: App\Services\ProvinceService::$request
in APPPATH\Services\ProvinceService.php on line 14.
 1 APPPATH\Services\ProvinceService.php(14): CodeIgniter\Debug\Exceptions->errorHandler()
 2 APPPATH\Controllers\Ajax\Backend\Dashboard.php(15): App\Services\ProvinceService->getLocation()
 3 SYSTEMPATH\CodeIgniter.php(934): App\Controllers\Ajax\Backend\Dashboard->get_location()
 4 SYSTEMPATH\CodeIgniter.php(499): CodeIgniter\CodeIgniter->runController()
 5 SYSTEMPATH\CodeIgniter.php(368): CodeIgniter\CodeIgniter->handleRequest()
 6 FCPATH\index.php(66): CodeIgniter\CodeIgniter->run()
CRITICAL - 2023-03-16 18:17:03 --> Undefined property: App\Services\ProvinceService::$request
in APPPATH\Services\ProvinceService.php on line 14.
 1 APPPATH\Services\ProvinceService.php(14): CodeIgniter\Debug\Exceptions->errorHandler()
 2 APPPATH\Controllers\Ajax\Backend\Dashboard.php(15): App\Services\ProvinceService->getLocation()
 3 SYSTEMPATH\CodeIgniter.php(934): App\Controllers\Ajax\Backend\Dashboard->get_location()
 4 SYSTEMPATH\CodeIgniter.php(499): CodeIgniter\CodeIgniter->runController()
 5 SYSTEMPATH\CodeIgniter.php(368): CodeIgniter\CodeIgniter->handleRequest()
 6 FCPATH\index.php(66): CodeIgniter\CodeIgniter->run()
CRITICAL - 2023-03-16 18:20:30 --> Call to a member function getAllDistrictsByCityid() on null
in APPPATH\Services\ProvinceService.php on line 17.
 1 APPPATH\Controllers\Ajax\Backend\Dashboard.php(15): App\Services\ProvinceService->getLocation()
 2 SYSTEMPATH\CodeIgniter.php(934): App\Controllers\Ajax\Backend\Dashboard->get_location()
 3 SYSTEMPATH\CodeIgniter.php(499): CodeIgniter\CodeIgniter->runController()
 4 SYSTEMPATH\CodeIgniter.php(368): CodeIgniter\CodeIgniter->handleRequest()
 5 FCPATH\index.php(66): CodeIgniter\CodeIgniter->run()
CRITICAL - 2023-03-16 18:20:44 --> Call to a member function getAllDistrictsByCityid() on null
in APPPATH\Services\ProvinceService.php on line 17.
 1 APPPATH\Controllers\Ajax\Backend\Dashboard.php(15): App\Services\ProvinceService->getLocation()
 2 SYSTEMPATH\CodeIgniter.php(934): App\Controllers\Ajax\Backend\Dashboard->get_location()
 3 SYSTEMPATH\CodeIgniter.php(499): CodeIgniter\CodeIgniter->runController()
 4 SYSTEMPATH\CodeIgniter.php(368): CodeIgniter\CodeIgniter->handleRequest()
 5 FCPATH\index.php(66): CodeIgniter\CodeIgniter->run()
CRITICAL - 2023-03-16 18:21:38 --> Class 'App\Services\ProvinceRepository' not found
in APPPATH\Config\Services.php on line 42.
 1 SYSTEMPATH\Config\BaseService.php(193): Config\Services::ProvinceRepository()
 2 APPPATH\Config\Services.php(39): CodeIgniter\Config\BaseService::getSharedInstance()
 3 SYSTEMPATH\Common.php(1016): Config\Services::ProvinceRepository()
 4 APPPATH\Services\ProvinceService.php(9): service()
 5 APPPATH\Config\Services.php(30): App\Services\ProvinceService->__construct()
 6 SYSTEMPATH\Config\BaseService.php(193): Config\Services::ProvinceService()
 7 APPPATH\Config\Services.php(27): CodeIgniter\Config\BaseService::getSharedInstance()
 8 SYSTEMPATH\Common.php(1016): Config\Services::ProvinceService()
 9 APPPATH\Controllers\Ajax\Backend\Dashboard.php(10): service()
10 SYSTEMPATH\CodeIgniter.php(906): App\Controllers\Ajax\Backend\Dashboard->__construct()
11 SYSTEMPATH\CodeIgniter.php(490): CodeIgniter\CodeIgniter->createController()
12 SYSTEMPATH\CodeIgniter.php(368): CodeIgniter\CodeIgniter->handleRequest()
13 FCPATH\index.php(66): CodeIgniter\CodeIgniter->run()
CRITICAL - 2023-03-16 18:25:30 --> Undefined index: id
in APPPATH\Services\ProvinceService.php on line 26.
 1 APPPATH\Services\ProvinceService.php(26): CodeIgniter\Debug\Exceptions->errorHandler()
 2 APPPATH\Controllers\Ajax\Backend\Dashboard.php(15): App\Services\ProvinceService->getLocation()
 3 SYSTEMPATH\CodeIgniter.php(934): App\Controllers\Ajax\Backend\Dashboard->get_location()
 4 SYSTEMPATH\CodeIgniter.php(499): CodeIgniter\CodeIgniter->runController()
 5 SYSTEMPATH\CodeIgniter.php(368): CodeIgniter\CodeIgniter->handleRequest()
 6 FCPATH\index.php(66): CodeIgniter\CodeIgniter->run()
CRITICAL - 2023-03-16 18:36:18 --> Undefined index: select
in APPPATH\Services\ProvinceService.php on line 17.
 1 APPPATH\Services\ProvinceService.php(17): CodeIgniter\Debug\Exceptions->errorHandler()
 2 APPPATH\Controllers\Ajax\Backend\Dashboard.php(15): App\Services\ProvinceService->getLocation()
 3 SYSTEMPATH\CodeIgniter.php(934): App\Controllers\Ajax\Backend\Dashboard->get_location()
 4 SYSTEMPATH\CodeIgniter.php(499): CodeIgniter\CodeIgniter->runController()
 5 SYSTEMPATH\CodeIgniter.php(368): CodeIgniter\CodeIgniter->handleRequest()
 6 FCPATH\index.php(66): CodeIgniter\CodeIgniter->run()
CRITICAL - 2023-03-16 18:47:11 --> Undefined variable: h
in APPPATH\Services\ProvinceService.php on line 19.
 1 APPPATH\Services\ProvinceService.php(19): CodeIgniter\Debug\Exceptions->errorHandler()
 2 APPPATH\Controllers\Ajax\Backend\Dashboard.php(15): App\Services\ProvinceService->getLocation()
 3 SYSTEMPATH\CodeIgniter.php(934): App\Controllers\Ajax\Backend\Dashboard->get_location()
 4 SYSTEMPATH\CodeIgniter.php(499): CodeIgniter\CodeIgniter->runController()
 5 SYSTEMPATH\CodeIgniter.php(368): CodeIgniter\CodeIgniter->handleRequest()
 6 FCPATH\index.php(66): CodeIgniter\CodeIgniter->run()
CRITICAL - 2023-03-16 18:47:13 --> Undefined variable: h
in APPPATH\Services\ProvinceService.php on line 19.
 1 APPPATH\Services\ProvinceService.php(19): CodeIgniter\Debug\Exceptions->errorHandler()
 2 APPPATH\Controllers\Ajax\Backend\Dashboard.php(15): App\Services\ProvinceService->getLocation()
 3 SYSTEMPATH\CodeIgniter.php(934): App\Controllers\Ajax\Backend\Dashboard->get_location()
 4 SYSTEMPATH\CodeIgniter.php(499): CodeIgniter\CodeIgniter->runController()
 5 SYSTEMPATH\CodeIgniter.php(368): CodeIgniter\CodeIgniter->handleRequest()
 6 FCPATH\index.php(66): CodeIgniter\CodeIgniter->run()
CRITICAL - 2023-03-16 18:47:19 --> Undefined variable: h
in APPPATH\Services\ProvinceService.php on line 19.
 1 APPPATH\Services\ProvinceService.php(19): CodeIgniter\Debug\Exceptions->errorHandler()
 2 APPPATH\Controllers\Ajax\Backend\Dashboard.php(15): App\Services\ProvinceService->getLocation()
 3 SYSTEMPATH\CodeIgniter.php(934): App\Controllers\Ajax\Backend\Dashboard->get_location()
 4 SYSTEMPATH\CodeIgniter.php(499): CodeIgniter\CodeIgniter->runController()
 5 SYSTEMPATH\CodeIgniter.php(368): CodeIgniter\CodeIgniter->handleRequest()
 6 FCPATH\index.php(66): CodeIgniter\CodeIgniter->run()
ERROR - 2023-03-16 18:47:40 --> mysqli_sql_exception: Unknown column 'wardid' in 'field list' in W:\domains\landing.cvgoup.com\system\Database\MySQLi\Connection.php:295
Stack trace:
#0 W:\domains\landing.cvgoup.com\system\Database\MySQLi\Connection.php(295): mysqli->query()
#1 W:\domains\landing.cvgoup.com\system\Database\BaseConnection.php(691): CodeIgniter\Database\MySQLi\Connection->execute()
#2 W:\domains\landing.cvgoup.com\system\Database\BaseConnection.php(605): CodeIgniter\Database\BaseConnection->simpleQuery()
#3 W:\domains\landing.cvgoup.com\system\Database\BaseBuilder.php(1616): CodeIgniter\Database\BaseConnection->query()
#4 W:\domains\landing.cvgoup.com\system\Model.php(241): CodeIgniter\Database\BaseBuilder->get()
#5 W:\domains\landing.cvgoup.com\system\BaseModel.php(618): CodeIgniter\Model->doFindAll()
#6 W:\domains\landing.cvgoup.com\app\Repositories\ProvinceRepository.php(27): CodeIgniter\BaseModel->findAll()
#7 W:\domains\landing.cvgoup.com\app\Services\ProvinceService.php(15): App\Repositories\ProvinceRepository->getAllDistrictsByCityid()
#8 W:\domains\landing.cvgoup.com\app\Controllers\Ajax\Backend\Dashboard.php(15): App\Services\ProvinceService->getLocation()
#9 W:\domains\landing.cvgoup.com\system\CodeIgniter.php(934): App\Controllers\Ajax\Backend\Dashboard->get_location()
#10 W:\domains\landing.cvgoup.com\system\CodeIgniter.php(499): CodeIgniter\CodeIgniter->runController()
#11 W:\domains\landing.cvgoup.com\system\CodeIgniter.php(368): CodeIgniter\CodeIgniter->handleRequest()
#12 W:\domains\landing.cvgoup.com\index.php(66): CodeIgniter\CodeIgniter->run()
#13 {main}
CRITICAL - 2023-03-16 18:47:40 --> Unknown column 'wardid' in 'field list'
in SYSTEMPATH\Database\BaseConnection.php on line 645.
 1 SYSTEMPATH\Database\BaseBuilder.php(1616): CodeIgniter\Database\BaseConnection->query()
 2 SYSTEMPATH\Model.php(241): CodeIgniter\Database\BaseBuilder->get()
 3 SYSTEMPATH\BaseModel.php(618): CodeIgniter\Model->doFindAll()
 4 APPPATH\Repositories\ProvinceRepository.php(27): CodeIgniter\BaseModel->findAll()
 5 APPPATH\Services\ProvinceService.php(15): App\Repositories\ProvinceRepository->getAllDistrictsByCityid()
 6 APPPATH\Controllers\Ajax\Backend\Dashboard.php(15): App\Services\ProvinceService->getLocation()
 7 SYSTEMPATH\CodeIgniter.php(934): App\Controllers\Ajax\Backend\Dashboard->get_location()
 8 SYSTEMPATH\CodeIgniter.php(499): CodeIgniter\CodeIgniter->runController()
 9 SYSTEMPATH\CodeIgniter.php(368): CodeIgniter\CodeIgniter->handleRequest()
10 FCPATH\index.php(66): CodeIgniter\CodeIgniter->run()
ERROR - 2023-03-16 18:47:41 --> mysqli_sql_exception: Unknown column 'wardid' in 'field list' in W:\domains\landing.cvgoup.com\system\Database\MySQLi\Connection.php:295
Stack trace:
#0 W:\domains\landing.cvgoup.com\system\Database\MySQLi\Connection.php(295): mysqli->query()
#1 W:\domains\landing.cvgoup.com\system\Database\BaseConnection.php(691): CodeIgniter\Database\MySQLi\Connection->execute()
#2 W:\domains\landing.cvgoup.com\system\Database\BaseConnection.php(605): CodeIgniter\Database\BaseConnection->simpleQuery()
#3 W:\domains\landing.cvgoup.com\system\Database\BaseBuilder.php(1616): CodeIgniter\Database\BaseConnection->query()
#4 W:\domains\landing.cvgoup.com\system\Model.php(241): CodeIgniter\Database\BaseBuilder->get()
#5 W:\domains\landing.cvgoup.com\system\BaseModel.php(618): CodeIgniter\Model->doFindAll()
#6 W:\domains\landing.cvgoup.com\app\Repositories\ProvinceRepository.php(27): CodeIgniter\BaseModel->findAll()
#7 W:\domains\landing.cvgoup.com\app\Services\ProvinceService.php(15): App\Repositories\ProvinceRepository->getAllDistrictsByCityid()
#8 W:\domains\landing.cvgoup.com\app\Controllers\Ajax\Backend\Dashboard.php(15): App\Services\ProvinceService->getLocation()
#9 W:\domains\landing.cvgoup.com\system\CodeIgniter.php(934): App\Controllers\Ajax\Backend\Dashboard->get_location()
#10 W:\domains\landing.cvgoup.com\system\CodeIgniter.php(499): CodeIgniter\CodeIgniter->runController()
#11 W:\domains\landing.cvgoup.com\system\CodeIgniter.php(368): CodeIgniter\CodeIgniter->handleRequest()
#12 W:\domains\landing.cvgoup.com\index.php(66): CodeIgniter\CodeIgniter->run()
#13 {main}
CRITICAL - 2023-03-16 18:47:41 --> Unknown column 'wardid' in 'field list'
in SYSTEMPATH\Database\BaseConnection.php on line 645.
 1 SYSTEMPATH\Database\BaseBuilder.php(1616): CodeIgniter\Database\BaseConnection->query()
 2 SYSTEMPATH\Model.php(241): CodeIgniter\Database\BaseBuilder->get()
 3 SYSTEMPATH\BaseModel.php(618): CodeIgniter\Model->doFindAll()
 4 APPPATH\Repositories\ProvinceRepository.php(27): CodeIgniter\BaseModel->findAll()
 5 APPPATH\Services\ProvinceService.php(15): App\Repositories\ProvinceRepository->getAllDistrictsByCityid()
 6 APPPATH\Controllers\Ajax\Backend\Dashboard.php(15): App\Services\ProvinceService->getLocation()
 7 SYSTEMPATH\CodeIgniter.php(934): App\Controllers\Ajax\Backend\Dashboard->get_location()
 8 SYSTEMPATH\CodeIgniter.php(499): CodeIgniter\CodeIgniter->runController()
 9 SYSTEMPATH\CodeIgniter.php(368): CodeIgniter\CodeIgniter->handleRequest()
10 FCPATH\index.php(66): CodeIgniter\CodeIgniter->run()
ERROR - 2023-03-16 18:47:44 --> mysqli_sql_exception: Unknown column 'wardid' in 'field list' in W:\domains\landing.cvgoup.com\system\Database\MySQLi\Connection.php:295
Stack trace:
#0 W:\domains\landing.cvgoup.com\system\Database\MySQLi\Connection.php(295): mysqli->query()
#1 W:\domains\landing.cvgoup.com\system\Database\BaseConnection.php(691): CodeIgniter\Database\MySQLi\Connection->execute()
#2 W:\domains\landing.cvgoup.com\system\Database\BaseConnection.php(605): CodeIgniter\Database\BaseConnection->simpleQuery()
#3 W:\domains\landing.cvgoup.com\system\Database\BaseBuilder.php(1616): CodeIgniter\Database\BaseConnection->query()
#4 W:\domains\landing.cvgoup.com\system\Model.php(241): CodeIgniter\Database\BaseBuilder->get()
#5 W:\domains\landing.cvgoup.com\system\BaseModel.php(618): CodeIgniter\Model->doFindAll()
#6 W:\domains\landing.cvgoup.com\app\Repositories\ProvinceRepository.php(27): CodeIgniter\BaseModel->findAll()
#7 W:\domains\landing.cvgoup.com\app\Services\ProvinceService.php(15): App\Repositories\ProvinceRepository->getAllDistrictsByCityid()
#8 W:\domains\landing.cvgoup.com\app\Controllers\Ajax\Backend\Dashboard.php(15): App\Services\ProvinceService->getLocation()
#9 W:\domains\landing.cvgoup.com\system\CodeIgniter.php(934): App\Controllers\Ajax\Backend\Dashboard->get_location()
#10 W:\domains\landing.cvgoup.com\system\CodeIgniter.php(499): CodeIgniter\CodeIgniter->runController()
#11 W:\domains\landing.cvgoup.com\system\CodeIgniter.php(368): CodeIgniter\CodeIgniter->handleRequest()
#12 W:\domains\landing.cvgoup.com\index.php(66): CodeIgniter\CodeIgniter->run()
#13 {main}
CRITICAL - 2023-03-16 18:47:44 --> Unknown column 'wardid' in 'field list'
in SYSTEMPATH\Database\BaseConnection.php on line 645.
 1 SYSTEMPATH\Database\BaseBuilder.php(1616): CodeIgniter\Database\BaseConnection->query()
 2 SYSTEMPATH\Model.php(241): CodeIgniter\Database\BaseBuilder->get()
 3 SYSTEMPATH\BaseModel.php(618): CodeIgniter\Model->doFindAll()
 4 APPPATH\Repositories\ProvinceRepository.php(27): CodeIgniter\BaseModel->findAll()
 5 APPPATH\Services\ProvinceService.php(15): App\Repositories\ProvinceRepository->getAllDistrictsByCityid()
 6 APPPATH\Controllers\Ajax\Backend\Dashboard.php(15): App\Services\ProvinceService->getLocation()
 7 SYSTEMPATH\CodeIgniter.php(934): App\Controllers\Ajax\Backend\Dashboard->get_location()
 8 SYSTEMPATH\CodeIgniter.php(499): CodeIgniter\CodeIgniter->runController()
 9 SYSTEMPATH\CodeIgniter.php(368): CodeIgniter\CodeIgniter->handleRequest()
10 FCPATH\index.php(66): CodeIgniter\CodeIgniter->run()
ERROR - 2023-03-16 18:47:45 --> mysqli_sql_exception: Unknown column 'wardid' in 'field list' in W:\domains\landing.cvgoup.com\system\Database\MySQLi\Connection.php:295
Stack trace:
#0 W:\domains\landing.cvgoup.com\system\Database\MySQLi\Connection.php(295): mysqli->query()
#1 W:\domains\landing.cvgoup.com\system\Database\BaseConnection.php(691): CodeIgniter\Database\MySQLi\Connection->execute()
#2 W:\domains\landing.cvgoup.com\system\Database\BaseConnection.php(605): CodeIgniter\Database\BaseConnection->simpleQuery()
#3 W:\domains\landing.cvgoup.com\system\Database\BaseBuilder.php(1616): CodeIgniter\Database\BaseConnection->query()
#4 W:\domains\landing.cvgoup.com\system\Model.php(241): CodeIgniter\Database\BaseBuilder->get()
#5 W:\domains\landing.cvgoup.com\system\BaseModel.php(618): CodeIgniter\Model->doFindAll()
#6 W:\domains\landing.cvgoup.com\app\Repositories\ProvinceRepository.php(27): CodeIgniter\BaseModel->findAll()
#7 W:\domains\landing.cvgoup.com\app\Services\ProvinceService.php(15): App\Repositories\ProvinceRepository->getAllDistrictsByCityid()
#8 W:\domains\landing.cvgoup.com\app\Controllers\Ajax\Backend\Dashboard.php(15): App\Services\ProvinceService->getLocation()
#9 W:\domains\landing.cvgoup.com\system\CodeIgniter.php(934): App\Controllers\Ajax\Backend\Dashboard->get_location()
#10 W:\domains\landing.cvgoup.com\system\CodeIgniter.php(499): CodeIgniter\CodeIgniter->runController()
#11 W:\domains\landing.cvgoup.com\system\CodeIgniter.php(368): CodeIgniter\CodeIgniter->handleRequest()
#12 W:\domains\landing.cvgoup.com\index.php(66): CodeIgniter\CodeIgniter->run()
#13 {main}
CRITICAL - 2023-03-16 18:47:45 --> Unknown column 'wardid' in 'field list'
in SYSTEMPATH\Database\BaseConnection.php on line 645.
 1 SYSTEMPATH\Database\BaseBuilder.php(1616): CodeIgniter\Database\BaseConnection->query()
 2 SYSTEMPATH\Model.php(241): CodeIgniter\Database\BaseBuilder->get()
 3 SYSTEMPATH\BaseModel.php(618): CodeIgniter\Model->doFindAll()
 4 APPPATH\Repositories\ProvinceRepository.php(27): CodeIgniter\BaseModel->findAll()
 5 APPPATH\Services\ProvinceService.php(15): App\Repositories\ProvinceRepository->getAllDistrictsByCityid()
 6 APPPATH\Controllers\Ajax\Backend\Dashboard.php(15): App\Services\ProvinceService->getLocation()
 7 SYSTEMPATH\CodeIgniter.php(934): App\Controllers\Ajax\Backend\Dashboard->get_location()
 8 SYSTEMPATH\CodeIgniter.php(499): CodeIgniter\CodeIgniter->runController()
 9 SYSTEMPATH\CodeIgniter.php(368): CodeIgniter\CodeIgniter->handleRequest()
10 FCPATH\index.php(66): CodeIgniter\CodeIgniter->run()
