CRITICAL - 2023-03-15 19:38:53 --> Class 'Locale' not found
in SYSTEMPATH\CodeIgniter.php on line 194.
 1 FCPATH\index.php(55): CodeIgniter\CodeIgniter->initialize()
CRITICAL - 2023-03-15 19:38:59 --> Class 'Locale' not found
in SYSTEMPATH\CodeIgniter.php on line 194.
 1 FCPATH\index.php(55): CodeIgniter\CodeIgniter->initialize()
CRITICAL - 2023-03-15 19:39:24 --> Class 'Locale' not found
in SYSTEMPATH\CodeIgniter.php on line 194.
 1 FCPATH\index.php(55): CodeIgniter\CodeIgniter->initialize()
CRITICAL - 2023-03-15 19:39:33 --> Class 'Locale' not found
in SYSTEMPATH\CodeIgniter.php on line 194.
 1 FCPATH\index.php(55): CodeIgniter\CodeIgniter->initialize()
CRITICAL - 2023-03-15 19:39:37 --> Class 'Locale' not found
in SYSTEMPATH\CodeIgniter.php on line 194.
 1 FCPATH\index.php(55): CodeIgniter\CodeIgniter->initialize()
CRITICAL - 2023-03-15 19:40:08 --> Class 'Locale' not found
in SYSTEMPATH\CodeIgniter.php on line 194.
 1 FCPATH\index.php(54): CodeIgniter\CodeIgniter->initialize()
CRITICAL - 2023-03-15 19:40:09 --> Class 'Locale' not found
in SYSTEMPATH\CodeIgniter.php on line 194.
 1 FCPATH\index.php(54): CodeIgniter\CodeIgniter->initialize()
CRITICAL - 2023-03-15 19:40:09 --> Class 'Locale' not found
in SYSTEMPATH\CodeIgniter.php on line 194.
 1 FCPATH\index.php(54): CodeIgniter\CodeIgniter->initialize()
CRITICAL - 2023-03-15 19:40:09 --> Class 'Locale' not found
in SYSTEMPATH\CodeIgniter.php on line 194.
 1 FCPATH\index.php(54): CodeIgniter\CodeIgniter->initialize()
CRITICAL - 2023-03-15 19:41:44 --> Class 'Locale' not found
in SYSTEMPATH\CodeIgniter.php on line 194.
 1 FCPATH\index.php(55): CodeIgniter\CodeIgniter->initialize()
CRITICAL - 2023-03-15 19:41:44 --> Class 'Locale' not found
in SYSTEMPATH\CodeIgniter.php on line 194.
 1 FCPATH\index.php(55): CodeIgniter\CodeIgniter->initialize()
CRITICAL - 2023-03-15 19:41:45 --> Class 'Locale' not found
in SYSTEMPATH\CodeIgniter.php on line 194.
 1 FCPATH\index.php(55): CodeIgniter\CodeIgniter->initialize()
CRITICAL - 2023-03-15 19:41:45 --> Class 'Locale' not found
in SYSTEMPATH\CodeIgniter.php on line 194.
 1 FCPATH\index.php(55): CodeIgniter\CodeIgniter->initialize()
CRITICAL - 2023-03-15 19:41:45 --> Class 'Locale' not found
in SYSTEMPATH\CodeIgniter.php on line 194.
 1 FCPATH\index.php(55): CodeIgniter\CodeIgniter->initialize()
CRITICAL - 2023-03-15 19:41:45 --> Class 'Locale' not found
in SYSTEMPATH\CodeIgniter.php on line 194.
 1 FCPATH\index.php(55): CodeIgniter\CodeIgniter->initialize()
CRITICAL - 2023-03-15 19:41:45 --> Class 'Locale' not found
in SYSTEMPATH\CodeIgniter.php on line 194.
 1 FCPATH\index.php(55): CodeIgniter\CodeIgniter->initialize()
CRITICAL - 2023-03-15 19:42:49 --> Class 'Locale' not found
in SYSTEMPATH\CodeIgniter.php on line 194.
 1 FCPATH\index.php(55): CodeIgniter\CodeIgniter->initialize()
CRITICAL - 2023-03-15 19:42:50 --> Class 'Locale' not found
in SYSTEMPATH\CodeIgniter.php on line 194.
 1 FCPATH\index.php(55): CodeIgniter\CodeIgniter->initialize()
CRITICAL - 2023-03-15 19:42:50 --> Class 'Locale' not found
in SYSTEMPATH\CodeIgniter.php on line 194.
 1 FCPATH\index.php(55): CodeIgniter\CodeIgniter->initialize()
CRITICAL - 2023-03-15 19:42:50 --> Class 'Locale' not found
in SYSTEMPATH\CodeIgniter.php on line 194.
 1 FCPATH\index.php(55): CodeIgniter\CodeIgniter->initialize()
CRITICAL - 2023-03-15 19:42:50 --> Class 'Locale' not found
in SYSTEMPATH\CodeIgniter.php on line 194.
 1 FCPATH\index.php(55): CodeIgniter\CodeIgniter->initialize()
CRITICAL - 2023-03-15 19:42:53 --> Class 'Locale' not found
in SYSTEMPATH\CodeIgniter.php on line 194.
 1 FCPATH\index.php(55): CodeIgniter\CodeIgniter->initialize()
CRITICAL - 2023-03-15 19:42:54 --> Class 'Locale' not found
in SYSTEMPATH\CodeIgniter.php on line 194.
 1 FCPATH\index.php(55): CodeIgniter\CodeIgniter->initialize()
CRITICAL - 2023-03-15 19:42:54 --> Class 'Locale' not found
in SYSTEMPATH\CodeIgniter.php on line 194.
 1 FCPATH\index.php(55): CodeIgniter\CodeIgniter->initialize()
CRITICAL - 2023-03-15 16:47:19 --> Class 'App\Controllers\UserConstant' not found
in APPPATH\Controllers\Home.php on line 9.
 1 SYSTEMPATH\CodeIgniter.php(934): App\Controllers\Home->index()
 2 SYSTEMPATH\CodeIgniter.php(499): CodeIgniter\CodeIgniter->runController()
 3 SYSTEMPATH\CodeIgniter.php(368): CodeIgniter\CodeIgniter->handleRequest()
 4 FCPATH\index.php(67): CodeIgniter\CodeIgniter->run()
CRITICAL - 2023-03-15 16:47:52 --> Class 'App\Controllers\UserConstant' not found
in APPPATH\Controllers\Home.php on line 9.
 1 SYSTEMPATH\CodeIgniter.php(934): App\Controllers\Home->index()
 2 SYSTEMPATH\CodeIgniter.php(499): CodeIgniter\CodeIgniter->runController()
 3 SYSTEMPATH\CodeIgniter.php(368): CodeIgniter\CodeIgniter->handleRequest()
 4 FCPATH\index.php(67): CodeIgniter\CodeIgniter->run()
CRITICAL - 2023-03-15 16:47:53 --> Class 'App\Controllers\UserConstant' not found
in APPPATH\Controllers\Home.php on line 9.
 1 SYSTEMPATH\CodeIgniter.php(934): App\Controllers\Home->index()
 2 SYSTEMPATH\CodeIgniter.php(499): CodeIgniter\CodeIgniter->runController()
 3 SYSTEMPATH\CodeIgniter.php(368): CodeIgniter\CodeIgniter->handleRequest()
 4 FCPATH\index.php(67): CodeIgniter\CodeIgniter->run()
CRITICAL - 2023-03-15 16:47:53 --> Class 'App\Controllers\UserConstant' not found
in APPPATH\Controllers\Home.php on line 9.
 1 SYSTEMPATH\CodeIgniter.php(934): App\Controllers\Home->index()
 2 SYSTEMPATH\CodeIgniter.php(499): CodeIgniter\CodeIgniter->runController()
 3 SYSTEMPATH\CodeIgniter.php(368): CodeIgniter\CodeIgniter->handleRequest()
 4 FCPATH\index.php(67): CodeIgniter\CodeIgniter->run()
CRITICAL - 2023-03-15 16:48:13 --> Class 'App\Controllers\UserConstants' not found
in APPPATH\Controllers\Home.php on line 9.
 1 SYSTEMPATH\CodeIgniter.php(934): App\Controllers\Home->index()
 2 SYSTEMPATH\CodeIgniter.php(499): CodeIgniter\CodeIgniter->runController()
 3 SYSTEMPATH\CodeIgniter.php(368): CodeIgniter\CodeIgniter->handleRequest()
 4 FCPATH\index.php(67): CodeIgniter\CodeIgniter->run()
CRITICAL - 2023-03-15 16:48:13 --> Class 'App\Controllers\UserConstants' not found
in APPPATH\Controllers\Home.php on line 9.
 1 SYSTEMPATH\CodeIgniter.php(934): App\Controllers\Home->index()
 2 SYSTEMPATH\CodeIgniter.php(499): CodeIgniter\CodeIgniter->runController()
 3 SYSTEMPATH\CodeIgniter.php(368): CodeIgniter\CodeIgniter->handleRequest()
 4 FCPATH\index.php(67): CodeIgniter\CodeIgniter->run()
CRITICAL - 2023-03-15 16:48:46 --> Class 'App\Controllers\UserConstants' not found
in APPPATH\Controllers\Home.php on line 9.
 1 SYSTEMPATH\CodeIgniter.php(934): App\Controllers\Home->index()
 2 SYSTEMPATH\CodeIgniter.php(499): CodeIgniter\CodeIgniter->runController()
 3 SYSTEMPATH\CodeIgniter.php(368): CodeIgniter\CodeIgniter->handleRequest()
 4 FCPATH\index.php(67): CodeIgniter\CodeIgniter->run()
CRITICAL - 2023-03-15 16:48:46 --> Class 'App\Controllers\UserConstants' not found
in APPPATH\Controllers\Home.php on line 9.
 1 SYSTEMPATH\CodeIgniter.php(934): App\Controllers\Home->index()
 2 SYSTEMPATH\CodeIgniter.php(499): CodeIgniter\CodeIgniter->runController()
 3 SYSTEMPATH\CodeIgniter.php(368): CodeIgniter\CodeIgniter->handleRequest()
 4 FCPATH\index.php(67): CodeIgniter\CodeIgniter->run()
CRITICAL - 2023-03-15 16:48:46 --> Class 'App\Controllers\UserConstants' not found
in APPPATH\Controllers\Home.php on line 9.
 1 SYSTEMPATH\CodeIgniter.php(934): App\Controllers\Home->index()
 2 SYSTEMPATH\CodeIgniter.php(499): CodeIgniter\CodeIgniter->runController()
 3 SYSTEMPATH\CodeIgniter.php(368): CodeIgniter\CodeIgniter->handleRequest()
 4 FCPATH\index.php(67): CodeIgniter\CodeIgniter->run()
CRITICAL - 2023-03-15 16:48:47 --> Class 'App\Controllers\UserConstants' not found
in APPPATH\Controllers\Home.php on line 9.
 1 SYSTEMPATH\CodeIgniter.php(934): App\Controllers\Home->index()
 2 SYSTEMPATH\CodeIgniter.php(499): CodeIgniter\CodeIgniter->runController()
 3 SYSTEMPATH\CodeIgniter.php(368): CodeIgniter\CodeIgniter->handleRequest()
 4 FCPATH\index.php(67): CodeIgniter\CodeIgniter->run()
CRITICAL - 2023-03-15 16:48:47 --> Class 'App\Controllers\UserConstants' not found
in APPPATH\Controllers\Home.php on line 9.
 1 SYSTEMPATH\CodeIgniter.php(934): App\Controllers\Home->index()
 2 SYSTEMPATH\CodeIgniter.php(499): CodeIgniter\CodeIgniter->runController()
 3 SYSTEMPATH\CodeIgniter.php(368): CodeIgniter\CodeIgniter->handleRequest()
 4 FCPATH\index.php(67): CodeIgniter\CodeIgniter->run()
CRITICAL - 2023-03-15 17:48:57 --> The namespace delimiter is a backslash (\), not a slash (/). Route handler: "\App\Controllers\Backend/Dashboard/Dashboard::index"
in SYSTEMPATH\Router\Router.php on line 474.
 1 SYSTEMPATH\Router\Router.php(474): CodeIgniter\Router\Exceptions\RouterException::forInvalidControllerName()
 2 SYSTEMPATH\Router\Router.php(182): CodeIgniter\Router\Router->checkRoutes()
 3 SYSTEMPATH\CodeIgniter.php(815): CodeIgniter\Router\Router->handle()
 4 SYSTEMPATH\CodeIgniter.php(449): CodeIgniter\CodeIgniter->tryToRouteIt()
 5 SYSTEMPATH\CodeIgniter.php(368): CodeIgniter\CodeIgniter->handleRequest()
 6 FCPATH\index.php(66): CodeIgniter\CodeIgniter->run()
CRITICAL - 2023-03-15 17:49:15 --> Class 'App\Controllers\Backend\Dashboard\BaseController' not found
in APPPATH\Controllers\Backend\Dashboard\Dashboard.php on line 5.
 1 SYSTEMPATH\Autoloader\Autoloader.php(312): include_once()
 2 SYSTEMPATH\Autoloader\Autoloader.php(289): CodeIgniter\Autoloader\Autoloader->includeFile()
 3 SYSTEMPATH\Autoloader\Autoloader.php(267): CodeIgniter\Autoloader\Autoloader->loadInNamespace()
 4 [internal function]: CodeIgniter\Autoloader\Autoloader->loadClass()
 5 [internal function]: spl_autoload_call()
 6 SYSTEMPATH\CodeIgniter.php(892): class_exists()
 7 SYSTEMPATH\CodeIgniter.php(486): CodeIgniter\CodeIgniter->startController()
 8 SYSTEMPATH\CodeIgniter.php(368): CodeIgniter\CodeIgniter->handleRequest()
 9 FCPATH\index.php(66): CodeIgniter\CodeIgniter->run()
CRITICAL - 2023-03-15 17:49:35 --> Class 'App\Controllers\Backend\Dashboard\BaseController' not found
in APPPATH\Controllers\Backend\Dashboard\Dashboard.php on line 5.
 1 SYSTEMPATH\Autoloader\Autoloader.php(312): include_once()
 2 SYSTEMPATH\Autoloader\Autoloader.php(289): CodeIgniter\Autoloader\Autoloader->includeFile()
 3 SYSTEMPATH\Autoloader\Autoloader.php(267): CodeIgniter\Autoloader\Autoloader->loadInNamespace()
 4 [internal function]: CodeIgniter\Autoloader\Autoloader->loadClass()
 5 [internal function]: spl_autoload_call()
 6 SYSTEMPATH\CodeIgniter.php(892): class_exists()
 7 SYSTEMPATH\CodeIgniter.php(486): CodeIgniter\CodeIgniter->startController()
 8 SYSTEMPATH\CodeIgniter.php(368): CodeIgniter\CodeIgniter->handleRequest()
 9 FCPATH\index.php(66): CodeIgniter\CodeIgniter->run()
CRITICAL - 2023-03-15 17:49:35 --> Class 'App\Controllers\Backend\Dashboard\BaseController' not found
in APPPATH\Controllers\Backend\Dashboard\Dashboard.php on line 5.
 1 SYSTEMPATH\Autoloader\Autoloader.php(312): include_once()
 2 SYSTEMPATH\Autoloader\Autoloader.php(289): CodeIgniter\Autoloader\Autoloader->includeFile()
 3 SYSTEMPATH\Autoloader\Autoloader.php(267): CodeIgniter\Autoloader\Autoloader->loadInNamespace()
 4 [internal function]: CodeIgniter\Autoloader\Autoloader->loadClass()
 5 [internal function]: spl_autoload_call()
 6 SYSTEMPATH\CodeIgniter.php(892): class_exists()
 7 SYSTEMPATH\CodeIgniter.php(486): CodeIgniter\CodeIgniter->startController()
 8 SYSTEMPATH\CodeIgniter.php(368): CodeIgniter\CodeIgniter->handleRequest()
 9 FCPATH\index.php(66): CodeIgniter\CodeIgniter->run()
CRITICAL - 2023-03-15 17:49:36 --> Class 'App\Controllers\Backend\Dashboard\BaseController' not found
in APPPATH\Controllers\Backend\Dashboard\Dashboard.php on line 5.
 1 SYSTEMPATH\Autoloader\Autoloader.php(312): include_once()
 2 SYSTEMPATH\Autoloader\Autoloader.php(289): CodeIgniter\Autoloader\Autoloader->includeFile()
 3 SYSTEMPATH\Autoloader\Autoloader.php(267): CodeIgniter\Autoloader\Autoloader->loadInNamespace()
 4 [internal function]: CodeIgniter\Autoloader\Autoloader->loadClass()
 5 [internal function]: spl_autoload_call()
 6 SYSTEMPATH\CodeIgniter.php(892): class_exists()
 7 SYSTEMPATH\CodeIgniter.php(486): CodeIgniter\CodeIgniter->startController()
 8 SYSTEMPATH\CodeIgniter.php(368): CodeIgniter\CodeIgniter->handleRequest()
 9 FCPATH\index.php(66): CodeIgniter\CodeIgniter->run()
CRITICAL - 2023-03-15 17:49:36 --> Class 'App\Controllers\Backend\Dashboard\BaseController' not found
in APPPATH\Controllers\Backend\Dashboard\Dashboard.php on line 5.
 1 SYSTEMPATH\Autoloader\Autoloader.php(312): include_once()
 2 SYSTEMPATH\Autoloader\Autoloader.php(289): CodeIgniter\Autoloader\Autoloader->includeFile()
 3 SYSTEMPATH\Autoloader\Autoloader.php(267): CodeIgniter\Autoloader\Autoloader->loadInNamespace()
 4 [internal function]: CodeIgniter\Autoloader\Autoloader->loadClass()
 5 [internal function]: spl_autoload_call()
 6 SYSTEMPATH\CodeIgniter.php(892): class_exists()
 7 SYSTEMPATH\CodeIgniter.php(486): CodeIgniter\CodeIgniter->startController()
 8 SYSTEMPATH\CodeIgniter.php(368): CodeIgniter\CodeIgniter->handleRequest()
 9 FCPATH\index.php(66): CodeIgniter\CodeIgniter->run()
CRITICAL - 2023-03-15 17:53:24 --> Invalid file: "backend/dashboard/layout/home.php"
in SYSTEMPATH\Exceptions\FrameworkException.php on line 33.
 1 SYSTEMPATH\View\View.php(201): CodeIgniter\Exceptions\FrameworkException::forInvalidFile()
 2 SYSTEMPATH\Common.php(1184): CodeIgniter\View\View->render()
 3 APPPATH\Controllers\Backend\Dashboard\Dashboard.php(12): view()
 4 SYSTEMPATH\CodeIgniter.php(934): App\Controllers\Backend\Dashboard\Dashboard->index()
 5 SYSTEMPATH\CodeIgniter.php(499): CodeIgniter\CodeIgniter->runController()
 6 SYSTEMPATH\CodeIgniter.php(368): CodeIgniter\CodeIgniter->handleRequest()
 7 FCPATH\index.php(66): CodeIgniter\CodeIgniter->run()
CRITICAL - 2023-03-15 17:54:56 --> Class 'App\Controllers\Backend\Dashboard\Blade' not found
in APPPATH\Controllers\Backend\Dashboard\Dashboard.php on line 12.
 1 SYSTEMPATH\CodeIgniter.php(934): App\Controllers\Backend\Dashboard\Dashboard->index()
 2 SYSTEMPATH\CodeIgniter.php(499): CodeIgniter\CodeIgniter->runController()
 3 SYSTEMPATH\CodeIgniter.php(368): CodeIgniter\CodeIgniter->handleRequest()
 4 FCPATH\index.php(66): CodeIgniter\CodeIgniter->run()
CRITICAL - 2023-03-15 17:54:57 --> Class 'App\Controllers\Backend\Dashboard\Blade' not found
in APPPATH\Controllers\Backend\Dashboard\Dashboard.php on line 12.
 1 SYSTEMPATH\CodeIgniter.php(934): App\Controllers\Backend\Dashboard\Dashboard->index()
 2 SYSTEMPATH\CodeIgniter.php(499): CodeIgniter\CodeIgniter->runController()
 3 SYSTEMPATH\CodeIgniter.php(368): CodeIgniter\CodeIgniter->handleRequest()
 4 FCPATH\index.php(66): CodeIgniter\CodeIgniter->run()
CRITICAL - 2023-03-15 17:55:07 --> syntax error, unexpected 'foreach' (T_FOREACH) (View: W:\domains\landing.cvgoup.com\app\Views\backend\dashboard\layout\home.blade.php)
in FCPATH\cache\22c4dae3bad0e18cc22d905fdff7313ee245dea9.php on line 31.
 1 FCPATH\vendor\illuminate\view\Engines\PhpEngine.php(60): Illuminate\View\Engines\CompilerEngine->handleViewException()
 2 FCPATH\vendor\illuminate\view\Engines\CompilerEngine.php(61): Illuminate\View\Engines\PhpEngine->evaluatePath()
 3 FCPATH\vendor\illuminate\view\View.php(139): Illuminate\View\Engines\CompilerEngine->get()
 4 FCPATH\vendor\illuminate\view\View.php(122): Illuminate\View\View->getContents()
 5 FCPATH\vendor\illuminate\view\View.php(91): Illuminate\View\View->renderContents()
 6 FCPATH\vendor\jenssegers\blade\src\Blade.php(47): Illuminate\View\View->render()
 7 APPPATH\Controllers\Backend\Dashboard\Dashboard.php(18): Jenssegers\Blade\Blade->render()
 8 SYSTEMPATH\CodeIgniter.php(934): App\Controllers\Backend\Dashboard\Dashboard->index()
 9 SYSTEMPATH\CodeIgniter.php(499): CodeIgniter\CodeIgniter->runController()
10 SYSTEMPATH\CodeIgniter.php(368): CodeIgniter\CodeIgniter->handleRequest()
11 FCPATH\index.php(66): CodeIgniter\CodeIgniter->run()
CRITICAL - 2023-03-15 17:56:07 --> syntax error, unexpected 'echo' (T_ECHO) (View: W:\domains\landing.cvgoup.com\app\Views\backend\dashboard\layout\home.blade.php)
in FCPATH\cache\22c4dae3bad0e18cc22d905fdff7313ee245dea9.php on line 33.
 1 FCPATH\vendor\illuminate\view\Engines\PhpEngine.php(60): Illuminate\View\Engines\CompilerEngine->handleViewException()
 2 FCPATH\vendor\illuminate\view\Engines\CompilerEngine.php(61): Illuminate\View\Engines\PhpEngine->evaluatePath()
 3 FCPATH\vendor\illuminate\view\View.php(139): Illuminate\View\Engines\CompilerEngine->get()
 4 FCPATH\vendor\illuminate\view\View.php(122): Illuminate\View\View->getContents()
 5 FCPATH\vendor\illuminate\view\View.php(91): Illuminate\View\View->renderContents()
 6 FCPATH\vendor\jenssegers\blade\src\Blade.php(47): Illuminate\View\View->render()
 7 APPPATH\Controllers\Backend\Dashboard\Dashboard.php(18): Jenssegers\Blade\Blade->render()
 8 SYSTEMPATH\CodeIgniter.php(934): App\Controllers\Backend\Dashboard\Dashboard->index()
 9 SYSTEMPATH\CodeIgniter.php(499): CodeIgniter\CodeIgniter->runController()
10 SYSTEMPATH\CodeIgniter.php(368): CodeIgniter\CodeIgniter->handleRequest()
11 FCPATH\index.php(66): CodeIgniter\CodeIgniter->run()
CRITICAL - 2023-03-15 17:56:08 --> syntax error, unexpected 'echo' (T_ECHO) (View: W:\domains\landing.cvgoup.com\app\Views\backend\dashboard\layout\home.blade.php)
in FCPATH\cache\22c4dae3bad0e18cc22d905fdff7313ee245dea9.php on line 33.
 1 FCPATH\vendor\illuminate\view\Engines\PhpEngine.php(60): Illuminate\View\Engines\CompilerEngine->handleViewException()
 2 FCPATH\vendor\illuminate\view\Engines\CompilerEngine.php(61): Illuminate\View\Engines\PhpEngine->evaluatePath()
 3 FCPATH\vendor\illuminate\view\View.php(139): Illuminate\View\Engines\CompilerEngine->get()
 4 FCPATH\vendor\illuminate\view\View.php(122): Illuminate\View\View->getContents()
 5 FCPATH\vendor\illuminate\view\View.php(91): Illuminate\View\View->renderContents()
 6 FCPATH\vendor\jenssegers\blade\src\Blade.php(47): Illuminate\View\View->render()
 7 APPPATH\Controllers\Backend\Dashboard\Dashboard.php(18): Jenssegers\Blade\Blade->render()
 8 SYSTEMPATH\CodeIgniter.php(934): App\Controllers\Backend\Dashboard\Dashboard->index()
 9 SYSTEMPATH\CodeIgniter.php(499): CodeIgniter\CodeIgniter->runController()
10 SYSTEMPATH\CodeIgniter.php(368): CodeIgniter\CodeIgniter->handleRequest()
11 FCPATH\index.php(66): CodeIgniter\CodeIgniter->run()
CRITICAL - 2023-03-15 17:56:39 --> Use of undefined constant ASSET_BACKEND - assumed 'ASSET_BACKEND' (this will throw an Error in a future version of PHP) (View: W:\domains\landing.cvgoup.com\app\Views\backend\dashboard\layout\home.blade.php)
in FCPATH\cache\22c4dae3bad0e18cc22d905fdff7313ee245dea9.php on line 13.
 1 FCPATH\vendor\illuminate\view\Engines\PhpEngine.php(60): Illuminate\View\Engines\CompilerEngine->handleViewException()
 2 FCPATH\vendor\illuminate\view\Engines\CompilerEngine.php(61): Illuminate\View\Engines\PhpEngine->evaluatePath()
 3 FCPATH\vendor\illuminate\view\View.php(139): Illuminate\View\Engines\CompilerEngine->get()
 4 FCPATH\vendor\illuminate\view\View.php(122): Illuminate\View\View->getContents()
 5 FCPATH\vendor\illuminate\view\View.php(91): Illuminate\View\View->renderContents()
 6 FCPATH\vendor\jenssegers\blade\src\Blade.php(47): Illuminate\View\View->render()
 7 APPPATH\Controllers\Backend\Dashboard\Dashboard.php(18): Jenssegers\Blade\Blade->render()
 8 SYSTEMPATH\CodeIgniter.php(934): App\Controllers\Backend\Dashboard\Dashboard->index()
 9 SYSTEMPATH\CodeIgniter.php(499): CodeIgniter\CodeIgniter->runController()
10 SYSTEMPATH\CodeIgniter.php(368): CodeIgniter\CodeIgniter->handleRequest()
11 FCPATH\index.php(66): CodeIgniter\CodeIgniter->run()
CRITICAL - 2023-03-15 17:59:11 --> htmlspecialchars() expects parameter 1 to be string, array given (View: W:\domains\landing.cvgoup.com\app\Views\backend\dashboard\layout\home.blade.php)
in FCPATH\vendor\illuminate\support\helpers.php on line 118.
 1 FCPATH\vendor\illuminate\view\Engines\PhpEngine.php(60): Illuminate\View\Engines\CompilerEngine->handleViewException()
 2 FCPATH\vendor\illuminate\view\Engines\CompilerEngine.php(61): Illuminate\View\Engines\PhpEngine->evaluatePath()
 3 FCPATH\vendor\illuminate\view\View.php(139): Illuminate\View\Engines\CompilerEngine->get()
 4 FCPATH\vendor\illuminate\view\View.php(122): Illuminate\View\View->getContents()
 5 FCPATH\vendor\illuminate\view\View.php(91): Illuminate\View\View->renderContents()
 6 FCPATH\vendor\jenssegers\blade\src\Blade.php(47): Illuminate\View\View->render()
 7 APPPATH\Controllers\Backend\Dashboard\Dashboard.php(18): Jenssegers\Blade\Blade->render()
 8 SYSTEMPATH\CodeIgniter.php(934): App\Controllers\Backend\Dashboard\Dashboard->index()
 9 SYSTEMPATH\CodeIgniter.php(499): CodeIgniter\CodeIgniter->runController()
10 SYSTEMPATH\CodeIgniter.php(368): CodeIgniter\CodeIgniter->handleRequest()
11 FCPATH\index.php(66): CodeIgniter\CodeIgniter->run()
CRITICAL - 2023-03-15 17:59:12 --> htmlspecialchars() expects parameter 1 to be string, array given (View: W:\domains\landing.cvgoup.com\app\Views\backend\dashboard\layout\home.blade.php)
in FCPATH\vendor\illuminate\support\helpers.php on line 118.
 1 FCPATH\vendor\illuminate\view\Engines\PhpEngine.php(60): Illuminate\View\Engines\CompilerEngine->handleViewException()
 2 FCPATH\vendor\illuminate\view\Engines\CompilerEngine.php(61): Illuminate\View\Engines\PhpEngine->evaluatePath()
 3 FCPATH\vendor\illuminate\view\View.php(139): Illuminate\View\Engines\CompilerEngine->get()
 4 FCPATH\vendor\illuminate\view\View.php(122): Illuminate\View\View->getContents()
 5 FCPATH\vendor\illuminate\view\View.php(91): Illuminate\View\View->renderContents()
 6 FCPATH\vendor\jenssegers\blade\src\Blade.php(47): Illuminate\View\View->render()
 7 APPPATH\Controllers\Backend\Dashboard\Dashboard.php(18): Jenssegers\Blade\Blade->render()
 8 SYSTEMPATH\CodeIgniter.php(934): App\Controllers\Backend\Dashboard\Dashboard->index()
 9 SYSTEMPATH\CodeIgniter.php(499): CodeIgniter\CodeIgniter->runController()
10 SYSTEMPATH\CodeIgniter.php(368): CodeIgniter\CodeIgniter->handleRequest()
11 FCPATH\index.php(66): CodeIgniter\CodeIgniter->run()
CRITICAL - 2023-03-15 17:59:27 --> htmlspecialchars() expects parameter 1 to be string, array given (View: W:\domains\landing.cvgoup.com\app\Views\backend\dashboard\layout\home.blade.php)
in FCPATH\vendor\illuminate\support\helpers.php on line 118.
 1 FCPATH\vendor\illuminate\view\Engines\PhpEngine.php(60): Illuminate\View\Engines\CompilerEngine->handleViewException()
 2 FCPATH\vendor\illuminate\view\Engines\CompilerEngine.php(61): Illuminate\View\Engines\PhpEngine->evaluatePath()
 3 FCPATH\vendor\illuminate\view\View.php(139): Illuminate\View\Engines\CompilerEngine->get()
 4 FCPATH\vendor\illuminate\view\View.php(122): Illuminate\View\View->getContents()
 5 FCPATH\vendor\illuminate\view\View.php(91): Illuminate\View\View->renderContents()
 6 FCPATH\vendor\jenssegers\blade\src\Blade.php(47): Illuminate\View\View->render()
 7 APPPATH\Controllers\Backend\Dashboard\Dashboard.php(18): Jenssegers\Blade\Blade->render()
 8 SYSTEMPATH\CodeIgniter.php(934): App\Controllers\Backend\Dashboard\Dashboard->index()
 9 SYSTEMPATH\CodeIgniter.php(499): CodeIgniter\CodeIgniter->runController()
10 SYSTEMPATH\CodeIgniter.php(368): CodeIgniter\CodeIgniter->handleRequest()
11 FCPATH\index.php(66): CodeIgniter\CodeIgniter->run()
CRITICAL - 2023-03-15 17:59:28 --> htmlspecialchars() expects parameter 1 to be string, array given (View: W:\domains\landing.cvgoup.com\app\Views\backend\dashboard\layout\home.blade.php)
in FCPATH\vendor\illuminate\support\helpers.php on line 118.
 1 FCPATH\vendor\illuminate\view\Engines\PhpEngine.php(60): Illuminate\View\Engines\CompilerEngine->handleViewException()
 2 FCPATH\vendor\illuminate\view\Engines\CompilerEngine.php(61): Illuminate\View\Engines\PhpEngine->evaluatePath()
 3 FCPATH\vendor\illuminate\view\View.php(139): Illuminate\View\Engines\CompilerEngine->get()
 4 FCPATH\vendor\illuminate\view\View.php(122): Illuminate\View\View->getContents()
 5 FCPATH\vendor\illuminate\view\View.php(91): Illuminate\View\View->renderContents()
 6 FCPATH\vendor\jenssegers\blade\src\Blade.php(47): Illuminate\View\View->render()
 7 APPPATH\Controllers\Backend\Dashboard\Dashboard.php(18): Jenssegers\Blade\Blade->render()
 8 SYSTEMPATH\CodeIgniter.php(934): App\Controllers\Backend\Dashboard\Dashboard->index()
 9 SYSTEMPATH\CodeIgniter.php(499): CodeIgniter\CodeIgniter->runController()
10 SYSTEMPATH\CodeIgniter.php(368): CodeIgniter\CodeIgniter->handleRequest()
11 FCPATH\index.php(66): CodeIgniter\CodeIgniter->run()
CRITICAL - 2023-03-15 17:59:28 --> htmlspecialchars() expects parameter 1 to be string, array given (View: W:\domains\landing.cvgoup.com\app\Views\backend\dashboard\layout\home.blade.php)
in FCPATH\vendor\illuminate\support\helpers.php on line 118.
 1 FCPATH\vendor\illuminate\view\Engines\PhpEngine.php(60): Illuminate\View\Engines\CompilerEngine->handleViewException()
 2 FCPATH\vendor\illuminate\view\Engines\CompilerEngine.php(61): Illuminate\View\Engines\PhpEngine->evaluatePath()
 3 FCPATH\vendor\illuminate\view\View.php(139): Illuminate\View\Engines\CompilerEngine->get()
 4 FCPATH\vendor\illuminate\view\View.php(122): Illuminate\View\View->getContents()
 5 FCPATH\vendor\illuminate\view\View.php(91): Illuminate\View\View->renderContents()
 6 FCPATH\vendor\jenssegers\blade\src\Blade.php(47): Illuminate\View\View->render()
 7 APPPATH\Controllers\Backend\Dashboard\Dashboard.php(18): Jenssegers\Blade\Blade->render()
 8 SYSTEMPATH\CodeIgniter.php(934): App\Controllers\Backend\Dashboard\Dashboard->index()
 9 SYSTEMPATH\CodeIgniter.php(499): CodeIgniter\CodeIgniter->runController()
10 SYSTEMPATH\CodeIgniter.php(368): CodeIgniter\CodeIgniter->handleRequest()
11 FCPATH\index.php(66): CodeIgniter\CodeIgniter->run()
CRITICAL - 2023-03-15 18:25:10 --> Class 'Jenssegers\Blade\Blade' not found
in APPPATH\Controllers\Backend\Dashboard\Dashboard.php on line 13.
 1 SYSTEMPATH\CodeIgniter.php(934): App\Controllers\Backend\Dashboard\Dashboard->index()
 2 SYSTEMPATH\CodeIgniter.php(499): CodeIgniter\CodeIgniter->runController()
 3 SYSTEMPATH\CodeIgniter.php(368): CodeIgniter\CodeIgniter->handleRequest()
 4 FCPATH\index.php(66): CodeIgniter\CodeIgniter->run()
CRITICAL - 2023-03-15 18:25:11 --> Class 'Jenssegers\Blade\Blade' not found
in APPPATH\Controllers\Backend\Dashboard\Dashboard.php on line 13.
 1 SYSTEMPATH\CodeIgniter.php(934): App\Controllers\Backend\Dashboard\Dashboard->index()
 2 SYSTEMPATH\CodeIgniter.php(499): CodeIgniter\CodeIgniter->runController()
 3 SYSTEMPATH\CodeIgniter.php(368): CodeIgniter\CodeIgniter->handleRequest()
 4 FCPATH\index.php(66): CodeIgniter\CodeIgniter->run()
CRITICAL - 2023-03-15 18:25:11 --> Class 'Jenssegers\Blade\Blade' not found
in APPPATH\Controllers\Backend\Dashboard\Dashboard.php on line 13.
 1 SYSTEMPATH\CodeIgniter.php(934): App\Controllers\Backend\Dashboard\Dashboard->index()
 2 SYSTEMPATH\CodeIgniter.php(499): CodeIgniter\CodeIgniter->runController()
 3 SYSTEMPATH\CodeIgniter.php(368): CodeIgniter\CodeIgniter->handleRequest()
 4 FCPATH\index.php(66): CodeIgniter\CodeIgniter->run()
CRITICAL - 2023-03-15 18:25:11 --> Class 'Jenssegers\Blade\Blade' not found
in APPPATH\Controllers\Backend\Dashboard\Dashboard.php on line 13.
 1 SYSTEMPATH\CodeIgniter.php(934): App\Controllers\Backend\Dashboard\Dashboard->index()
 2 SYSTEMPATH\CodeIgniter.php(499): CodeIgniter\CodeIgniter->runController()
 3 SYSTEMPATH\CodeIgniter.php(368): CodeIgniter\CodeIgniter->handleRequest()
 4 FCPATH\index.php(66): CodeIgniter\CodeIgniter->run()
CRITICAL - 2023-03-15 18:25:22 --> Undefined variable: blade
in APPPATH\Controllers\Backend\Dashboard\Dashboard.php on line 13.
 1 APPPATH\Controllers\Backend\Dashboard\Dashboard.php(13): CodeIgniter\Debug\Exceptions->errorHandler()
 2 SYSTEMPATH\CodeIgniter.php(934): App\Controllers\Backend\Dashboard\Dashboard->index()
 3 SYSTEMPATH\CodeIgniter.php(499): CodeIgniter\CodeIgniter->runController()
 4 SYSTEMPATH\CodeIgniter.php(368): CodeIgniter\CodeIgniter->handleRequest()
 5 FCPATH\index.php(66): CodeIgniter\CodeIgniter->run()
