CRITICAL - 2023-03-18 16:15:54 --> Undefined variable: validate
in APPPATH\Views\backend\user\user\store.php on line 37.
 1 APPPATH\Views\backend\user\user\store.php(37): CodeIgniter\Debug\Exceptions->errorHandler()
 2 SYSTEMPATH\View\View.php(213): include('APPPATH\\Views\\backend\\user\\user\\store.php')
 3 SYSTEMPATH\View\View.php(216): CodeIgniter\View\View->CodeIgniter\View\{closure}()
 4 SYSTEMPATH\Common.php(1184): CodeIgniter\View\View->render()
 5 APPPATH\Views\backend\dashboard\layout\home.php(47): view()
 6 SYSTEMPATH\View\View.php(213): include('APPPATH\\Views\\backend\\dashboard\\layout\\home.php')
 7 SYSTEMPATH\View\View.php(216): CodeIgniter\View\View->CodeIgniter\View\{closure}()
 8 SYSTEMPATH\Common.php(1184): CodeIgniter\View\View->render()
 9 APPPATH\Controllers\Backend\User\User.php(31): view()
10 SYSTEMPATH\CodeIgniter.php(934): App\Controllers\Backend\User\User->create()
11 SYSTEMPATH\CodeIgniter.php(499): CodeIgniter\CodeIgniter->runController()
12 SYSTEMPATH\CodeIgniter.php(368): CodeIgniter\CodeIgniter->handleRequest()
13 FCPATH\index.php(66): CodeIgniter\CodeIgniter->run()
CRITICAL - 2023-03-18 16:16:24 --> Undefined variable: validate
in APPPATH\Views\backend\user\user\store.php on line 46.
 1 APPPATH\Views\backend\user\user\store.php(46): CodeIgniter\Debug\Exceptions->errorHandler()
 2 SYSTEMPATH\View\View.php(213): include('APPPATH\\Views\\backend\\user\\user\\store.php')
 3 SYSTEMPATH\View\View.php(216): CodeIgniter\View\View->CodeIgniter\View\{closure}()
 4 SYSTEMPATH\Common.php(1184): CodeIgniter\View\View->render()
 5 APPPATH\Views\backend\dashboard\layout\home.php(47): view()
 6 SYSTEMPATH\View\View.php(213): include('APPPATH\\Views\\backend\\dashboard\\layout\\home.php')
 7 SYSTEMPATH\View\View.php(216): CodeIgniter\View\View->CodeIgniter\View\{closure}()
 8 SYSTEMPATH\Common.php(1184): CodeIgniter\View\View->render()
 9 APPPATH\Controllers\Backend\User\User.php(31): view()
10 SYSTEMPATH\CodeIgniter.php(934): App\Controllers\Backend\User\User->create()
11 SYSTEMPATH\CodeIgniter.php(499): CodeIgniter\CodeIgniter->runController()
12 SYSTEMPATH\CodeIgniter.php(368): CodeIgniter\CodeIgniter->handleRequest()
13 FCPATH\index.php(66): CodeIgniter\CodeIgniter->run()
